{"/my-app/modules/public.js": {"path":"/my-app/modules/public.js","statementMap":{"0":{"start":{"line":1,"column":14},"end":{"line":1,"column":48}},"1":{"start":{"line":2,"column":57},"end":{"line":2,"column":83}},"2":{"start":{"line":3,"column":22},"end":{"line":3,"column":72}},"3":{"start":{"line":6,"column":4},"end":{"line":13,"column":5}},"4":{"start":{"line":7,"column":22},"end":{"line":7,"column":51}},"5":{"start":{"line":8,"column":18},"end":{"line":8,"column":107}},"6":{"start":{"line":8,"column":44},"end":{"line":8,"column":105}},"7":{"start":{"line":9,"column":8},"end":{"line":9,"column":18}},"8":{"start":{"line":12,"column":8},"end":{"line":12,"column":19}},"9":{"start":{"line":17,"column":4},"end":{"line":47,"column":5}},"10":{"start":{"line":18,"column":21},"end":{"line":18,"column":37}},"11":{"start":{"line":19,"column":18},"end":{"line":19,"column":20}},"12":{"start":{"line":20,"column":8},"end":{"line":39,"column":9}},"13":{"start":{"line":20,"column":21},"end":{"line":20,"column":22}},"14":{"start":{"line":21,"column":12},"end":{"line":38,"column":13}},"15":{"start":{"line":22,"column":27},"end":{"line":22,"column":117}},"16":{"start":{"line":22,"column":48},"end":{"line":22,"column":111}},"17":{"start":{"line":24,"column":16},"end":{"line":31,"column":17}},"18":{"start":{"line":25,"column":20},"end":{"line":25,"column":119}},"19":{"start":{"line":28,"column":32},"end":{"line":28,"column":72}},"20":{"start":{"line":28,"column":56},"end":{"line":28,"column":71}},"21":{"start":{"line":29,"column":20},"end":{"line":29,"column":71}},"22":{"start":{"line":30,"column":20},"end":{"line":30,"column":31}},"23":{"start":{"line":33,"column":28},"end":{"line":33,"column":70}},"24":{"start":{"line":34,"column":16},"end":{"line":34,"column":30}},"25":{"start":{"line":37,"column":16},"end":{"line":37,"column":32}},"26":{"start":{"line":40,"column":8},"end":{"line":40,"column":18}},"27":{"start":{"line":43,"column":8},"end":{"line":45,"column":9}},"28":{"start":{"line":44,"column":12},"end":{"line":44,"column":23}},"29":{"start":{"line":46,"column":8},"end":{"line":46,"column":54}},"30":{"start":{"line":46,"column":38},"end":{"line":46,"column":53}},"31":{"start":{"line":51,"column":22},"end":{"line":51,"column":55}},"32":{"start":{"line":52,"column":15},"end":{"line":52,"column":106}},"33":{"start":{"line":52,"column":36},"end":{"line":52,"column":100}},"34":{"start":{"line":54,"column":4},"end":{"line":61,"column":5}},"35":{"start":{"line":55,"column":8},"end":{"line":55,"column":107}},"36":{"start":{"line":58,"column":20},"end":{"line":58,"column":60}},"37":{"start":{"line":58,"column":44},"end":{"line":58,"column":59}},"38":{"start":{"line":59,"column":8},"end":{"line":59,"column":59}},"39":{"start":{"line":60,"column":8},"end":{"line":60,"column":19}},"40":{"start":{"line":62,"column":16},"end":{"line":62,"column":55}},"41":{"start":{"line":63,"column":4},"end":{"line":63,"column":14}},"42":{"start":{"line":70,"column":4},"end":{"line":81,"column":5}},"43":{"start":{"line":72,"column":16},"end":{"line":72,"column":45}},"44":{"start":{"line":73,"column":18},"end":{"line":73,"column":91}},"45":{"start":{"line":73,"column":41},"end":{"line":73,"column":89}},"46":{"start":{"line":74,"column":8},"end":{"line":76,"column":9}},"47":{"start":{"line":75,"column":12},"end":{"line":75,"column":30}},"48":{"start":{"line":77,"column":8},"end":{"line":77,"column":20}},"49":{"start":{"line":80,"column":8},"end":{"line":80,"column":19}},"50":{"start":{"line":85,"column":4},"end":{"line":91,"column":5}},"51":{"start":{"line":86,"column":22},"end":{"line":86,"column":51}},"52":{"start":{"line":87,"column":22},"end":{"line":87,"column":120}},"53":{"start":{"line":87,"column":50},"end":{"line":87,"column":63}},"54":{"start":{"line":87,"column":77},"end":{"line":87,"column":118}},"55":{"start":{"line":88,"column":8},"end":{"line":88,"column":22}},"56":{"start":{"line":90,"column":8},"end":{"line":90,"column":19}},"57":{"start":{"line":95,"column":4},"end":{"line":107,"column":5}},"58":{"start":{"line":97,"column":25},"end":{"line":97,"column":54}},"59":{"start":{"line":98,"column":8},"end":{"line":102,"column":9}},"60":{"start":{"line":99,"column":24},"end":{"line":99,"column":26}},"61":{"start":{"line":100,"column":12},"end":{"line":100,"column":34}},"62":{"start":{"line":101,"column":12},"end":{"line":101,"column":56}},"63":{"start":{"line":103,"column":8},"end":{"line":103,"column":20}},"64":{"start":{"line":106,"column":8},"end":{"line":106,"column":19}},"65":{"start":{"line":110,"column":29},"end":{"line":116,"column":1}},"66":{"start":{"line":111,"column":20},"end":{"line":111,"column":49}},"67":{"start":{"line":112,"column":20},"end":{"line":112,"column":100}},"68":{"start":{"line":112,"column":57},"end":{"line":112,"column":99}},"69":{"start":{"line":113,"column":19},"end":{"line":114,"column":46}},"70":{"start":{"line":113,"column":45},"end":{"line":114,"column":44}},"71":{"start":{"line":115,"column":4},"end":{"line":115,"column":18}},"72":{"start":{"line":120,"column":4},"end":{"line":148,"column":5}},"73":{"start":{"line":122,"column":22},"end":{"line":122,"column":51}},"74":{"start":{"line":123,"column":8},"end":{"line":143,"column":9}},"75":{"start":{"line":125,"column":12},"end":{"line":137,"column":13}},"76":{"start":{"line":127,"column":31},"end":{"line":127,"column":99}},"77":{"start":{"line":127,"column":55},"end":{"line":127,"column":98}},"78":{"start":{"line":128,"column":33},"end":{"line":128,"column":39}},"79":{"start":{"line":129,"column":16},"end":{"line":129,"column":94}},"80":{"start":{"line":129,"column":75},"end":{"line":129,"column":93}},"81":{"start":{"line":130,"column":28},"end":{"line":130,"column":57}},"82":{"start":{"line":131,"column":16},"end":{"line":131,"column":67}},"83":{"start":{"line":134,"column":28},"end":{"line":134,"column":68}},"84":{"start":{"line":134,"column":52},"end":{"line":134,"column":67}},"85":{"start":{"line":135,"column":16},"end":{"line":135,"column":91}},"86":{"start":{"line":136,"column":16},"end":{"line":136,"column":27}},"87":{"start":{"line":138,"column":33},"end":{"line":138,"column":69}},"88":{"start":{"line":140,"column":38},"end":{"line":140,"column":59}},"89":{"start":{"line":141,"column":12},"end":{"line":141,"column":54}},"90":{"start":{"line":144,"column":8},"end":{"line":144,"column":20}},"91":{"start":{"line":147,"column":8},"end":{"line":147,"column":19}},"92":{"start":{"line":152,"column":4},"end":{"line":164,"column":5}},"93":{"start":{"line":154,"column":24},"end":{"line":154,"column":57}},"94":{"start":{"line":155,"column":18},"end":{"line":155,"column":56}},"95":{"start":{"line":155,"column":36},"end":{"line":155,"column":55}},"96":{"start":{"line":156,"column":20},"end":{"line":156,"column":127}},"97":{"start":{"line":157,"column":20},"end":{"line":157,"column":55}},"98":{"start":{"line":158,"column":8},"end":{"line":158,"column":18}},"99":{"start":{"line":161,"column":18},"end":{"line":161,"column":68}},"100":{"start":{"line":161,"column":53},"end":{"line":161,"column":67}},"101":{"start":{"line":162,"column":8},"end":{"line":162,"column":38}},"102":{"start":{"line":163,"column":8},"end":{"line":163,"column":16}},"103":{"start":{"line":167,"column":17},"end":{"line":170,"column":1}},"104":{"start":{"line":168,"column":23},"end":{"line":168,"column":71}},"105":{"start":{"line":169,"column":4},"end":{"line":169,"column":22}},"106":{"start":{"line":171,"column":25},"end":{"line":175,"column":1}},"107":{"start":{"line":172,"column":26},"end":{"line":172,"column":78}},"108":{"start":{"line":173,"column":4},"end":{"line":173,"column":24}},"109":{"start":{"line":176,"column":23},"end":{"line":180,"column":1}},"110":{"start":{"line":177,"column":18},"end":{"line":177,"column":47}},"111":{"start":{"line":178,"column":18},"end":{"line":178,"column":78}},"112":{"start":{"line":178,"column":54},"end":{"line":178,"column":72}},"113":{"start":{"line":179,"column":4},"end":{"line":179,"column":17}},"114":{"start":{"line":183,"column":0},"end":{"line":196,"column":1}}},"fnMap":{"0":{"name":"getSqlTableColumnsType","decl":{"start":{"line":5,"column":9},"end":{"line":5,"column":31}},"loc":{"start":{"line":5,"column":43},"end":{"line":14,"column":1}},"line":5},"1":{"name":"(anonymous_1)","decl":{"start":{"line":8,"column":36},"end":{"line":8,"column":37}},"loc":{"start":{"line":8,"column":44},"end":{"line":8,"column":105}},"line":8},"2":{"name":"parseSQLType","decl":{"start":{"line":16,"column":9},"end":{"line":16,"column":21}},"loc":{"start":{"line":16,"column":38},"end":{"line":48,"column":1}},"line":16},"3":{"name":"(anonymous_3)","decl":{"start":{"line":22,"column":42},"end":{"line":22,"column":43}},"loc":{"start":{"line":22,"column":48},"end":{"line":22,"column":111}},"line":22},"4":{"name":"(anonymous_4)","decl":{"start":{"line":28,"column":51},"end":{"line":28,"column":52}},"loc":{"start":{"line":28,"column":56},"end":{"line":28,"column":71}},"line":28},"5":{"name":"(anonymous_5)","decl":{"start":{"line":46,"column":33},"end":{"line":46,"column":34}},"loc":{"start":{"line":46,"column":38},"end":{"line":46,"column":53}},"line":46},"6":{"name":"parseSQLTypeForColumn","decl":{"start":{"line":50,"column":9},"end":{"line":50,"column":30}},"loc":{"start":{"line":50,"column":47},"end":{"line":64,"column":1}},"line":50},"7":{"name":"(anonymous_7)","decl":{"start":{"line":52,"column":30},"end":{"line":52,"column":31}},"loc":{"start":{"line":52,"column":36},"end":{"line":52,"column":100}},"line":52},"8":{"name":"(anonymous_8)","decl":{"start":{"line":58,"column":39},"end":{"line":58,"column":40}},"loc":{"start":{"line":58,"column":44},"end":{"line":58,"column":59}},"line":58},"9":{"name":"getPrimaryKeyField","decl":{"start":{"line":69,"column":9},"end":{"line":69,"column":27}},"loc":{"start":{"line":69,"column":39},"end":{"line":82,"column":1}},"line":69},"10":{"name":"(anonymous_10)","decl":{"start":{"line":73,"column":33},"end":{"line":73,"column":34}},"loc":{"start":{"line":73,"column":41},"end":{"line":73,"column":89}},"line":73},"11":{"name":"getReferencedColumns","decl":{"start":{"line":84,"column":9},"end":{"line":84,"column":29}},"loc":{"start":{"line":84,"column":41},"end":{"line":92,"column":1}},"line":84},"12":{"name":"(anonymous_12)","decl":{"start":{"line":87,"column":43},"end":{"line":87,"column":44}},"loc":{"start":{"line":87,"column":50},"end":{"line":87,"column":63}},"line":87},"13":{"name":"(anonymous_13)","decl":{"start":{"line":87,"column":69},"end":{"line":87,"column":70}},"loc":{"start":{"line":87,"column":77},"end":{"line":87,"column":118}},"line":87},"14":{"name":"getObjectWithFeildNameForPrimaryKey","decl":{"start":{"line":94,"column":9},"end":{"line":94,"column":44}},"loc":{"start":{"line":94,"column":68},"end":{"line":108,"column":1}},"line":94},"15":{"name":"(anonymous_15)","decl":{"start":{"line":110,"column":29},"end":{"line":110,"column":30}},"loc":{"start":{"line":110,"column":44},"end":{"line":116,"column":1}},"line":110},"16":{"name":"(anonymous_16)","decl":{"start":{"line":112,"column":43},"end":{"line":112,"column":44}},"loc":{"start":{"line":112,"column":57},"end":{"line":112,"column":99}},"line":112},"17":{"name":"(anonymous_17)","decl":{"start":{"line":113,"column":31},"end":{"line":113,"column":32}},"loc":{"start":{"line":113,"column":43},"end":{"line":114,"column":45}},"line":113},"18":{"name":"getForeignTableAndColumn","decl":{"start":{"line":119,"column":9},"end":{"line":119,"column":33}},"loc":{"start":{"line":119,"column":52},"end":{"line":149,"column":1}},"line":119},"19":{"name":"(anonymous_19)","decl":{"start":{"line":127,"column":50},"end":{"line":127,"column":51}},"loc":{"start":{"line":127,"column":55},"end":{"line":127,"column":98}},"line":127},"20":{"name":"(anonymous_20)","decl":{"start":{"line":129,"column":70},"end":{"line":129,"column":71}},"loc":{"start":{"line":129,"column":75},"end":{"line":129,"column":93}},"line":129},"21":{"name":"(anonymous_21)","decl":{"start":{"line":134,"column":47},"end":{"line":134,"column":48}},"loc":{"start":{"line":134,"column":52},"end":{"line":134,"column":67}},"line":134},"22":{"name":"convertFieldType","decl":{"start":{"line":151,"column":9},"end":{"line":151,"column":25}},"loc":{"start":{"line":151,"column":51},"end":{"line":166,"column":1}},"line":151},"23":{"name":"(anonymous_23)","decl":{"start":{"line":155,"column":31},"end":{"line":155,"column":32}},"loc":{"start":{"line":155,"column":36},"end":{"line":155,"column":55}},"line":155},"24":{"name":"(anonymous_24)","decl":{"start":{"line":161,"column":37},"end":{"line":161,"column":38}},"loc":{"start":{"line":161,"column":53},"end":{"line":161,"column":67}},"line":161},"25":{"name":"(anonymous_25)","decl":{"start":{"line":167,"column":17},"end":{"line":167,"column":18}},"loc":{"start":{"line":167,"column":32},"end":{"line":170,"column":1}},"line":167},"26":{"name":"(anonymous_26)","decl":{"start":{"line":171,"column":25},"end":{"line":171,"column":26}},"loc":{"start":{"line":171,"column":40},"end":{"line":175,"column":1}},"line":171},"27":{"name":"(anonymous_27)","decl":{"start":{"line":176,"column":23},"end":{"line":176,"column":24}},"loc":{"start":{"line":176,"column":46},"end":{"line":180,"column":1}},"line":176},"28":{"name":"(anonymous_28)","decl":{"start":{"line":178,"column":37},"end":{"line":178,"column":38}},"loc":{"start":{"line":178,"column":54},"end":{"line":178,"column":72}},"line":178}},"branchMap":{"0":{"loc":{"start":{"line":21,"column":12},"end":{"line":38,"column":13}},"type":"if","locations":[{"start":{"line":21,"column":12},"end":{"line":38,"column":13}},{"start":{"line":36,"column":17},"end":{"line":38,"column":13}}],"line":21},"1":{"loc":{"start":{"line":43,"column":8},"end":{"line":45,"column":9}},"type":"if","locations":[{"start":{"line":43,"column":8},"end":{"line":45,"column":9}},{"start":{},"end":{}}],"line":43},"2":{"loc":{"start":{"line":74,"column":8},"end":{"line":76,"column":9}},"type":"if","locations":[{"start":{"line":74,"column":8},"end":{"line":76,"column":9}},{"start":{},"end":{}}],"line":74},"3":{"loc":{"start":{"line":98,"column":8},"end":{"line":102,"column":9}},"type":"if","locations":[{"start":{"line":98,"column":8},"end":{"line":102,"column":9}},{"start":{},"end":{}}],"line":98},"4":{"loc":{"start":{"line":123,"column":8},"end":{"line":143,"column":9}},"type":"if","locations":[{"start":{"line":123,"column":8},"end":{"line":143,"column":9}},{"start":{},"end":{}}],"line":123}},"s":{"0":1,"1":1,"2":1,"3":0,"4":0,"5":0,"6":0,"7":0,"8":0,"9":0,"10":0,"11":0,"12":0,"13":0,"14":0,"15":0,"16":0,"17":0,"18":0,"19":0,"20":0,"21":0,"22":0,"23":0,"24":0,"25":0,"26":0,"27":0,"28":0,"29":0,"30":0,"31":0,"32":0,"33":0,"34":0,"35":0,"36":0,"37":0,"38":0,"39":0,"40":0,"41":0,"42":0,"43":0,"44":0,"45":0,"46":0,"47":0,"48":0,"49":0,"50":0,"51":0,"52":0,"53":0,"54":0,"55":0,"56":0,"57":0,"58":0,"59":0,"60":0,"61":0,"62":0,"63":0,"64":0,"65":1,"66":0,"67":0,"68":0,"69":0,"70":0,"71":0,"72":0,"73":0,"74":0,"75":0,"76":0,"77":0,"78":0,"79":0,"80":0,"81":0,"82":0,"83":0,"84":0,"85":0,"86":0,"87":0,"88":0,"89":0,"90":0,"91":0,"92":0,"93":0,"94":0,"95":0,"96":0,"97":0,"98":0,"99":0,"100":0,"101":0,"102":0,"103":1,"104":0,"105":0,"106":1,"107":0,"108":0,"109":1,"110":0,"111":0,"112":0,"113":0,"114":1},"f":{"0":0,"1":0,"2":0,"3":0,"4":0,"5":0,"6":0,"7":0,"8":0,"9":0,"10":0,"11":0,"12":0,"13":0,"14":0,"15":0,"16":0,"17":0,"18":0,"19":0,"20":0,"21":0,"22":0,"23":0,"24":0,"25":0,"26":0,"27":0,"28":0},"b":{"0":[0,0],"1":[0,0],"2":[0,0],"3":[0,0],"4":[0,0]},"_coverageSchema":"1a1c01bbd47fc00a2c39e90264f33305004495a9","hash":"c00bfcc9e35ba9ca3b93dcca326f71feb249fc0b"}
,"/my-app/modules/config/config-objects.js": {"path":"/my-app/modules/config/config-objects.js","statementMap":{"0":{"start":{"line":1,"column":27},"end":{"line":22,"column":1}},"1":{"start":{"line":2,"column":18},"end":{"line":2,"column":43}},"2":{"start":{"line":3,"column":23},"end":{"line":3,"column":25}},"3":{"start":{"line":4,"column":18},"end":{"line":4,"column":33}},"4":{"start":{"line":5,"column":4},"end":{"line":19,"column":5}},"5":{"start":{"line":5,"column":25},"end":{"line":5,"column":45}},"6":{"start":{"line":6,"column":8},"end":{"line":16,"column":9}},"7":{"start":{"line":6,"column":21},"end":{"line":6,"column":22}},"8":{"start":{"line":7,"column":23},"end":{"line":7,"column":25}},"9":{"start":{"line":8,"column":12},"end":{"line":11,"column":13}},"10":{"start":{"line":9,"column":16},"end":{"line":9,"column":32}},"11":{"start":{"line":10,"column":16},"end":{"line":10,"column":19}},"12":{"start":{"line":12,"column":12},"end":{"line":12,"column":41}},"13":{"start":{"line":13,"column":12},"end":{"line":15,"column":13}},"14":{"start":{"line":14,"column":16},"end":{"line":14,"column":65}},"15":{"start":{"line":17,"column":23},"end":{"line":17,"column":56}},"16":{"start":{"line":18,"column":8},"end":{"line":18,"column":21}},"17":{"start":{"line":21,"column":4},"end":{"line":21,"column":24}},"18":{"start":{"line":25,"column":14},"end":{"line":78,"column":1}},"19":{"start":{"line":31,"column":12},"end":{"line":31,"column":44}},"20":{"start":{"line":38,"column":12},"end":{"line":38,"column":33}},"21":{"start":{"line":46,"column":12},"end":{"line":46,"column":30}},"22":{"start":{"line":54,"column":12},"end":{"line":57,"column":29}},"23":{"start":{"line":55,"column":16},"end":{"line":55,"column":24}},"24":{"start":{"line":57,"column":16},"end":{"line":57,"column":29}},"25":{"start":{"line":63,"column":12},"end":{"line":66,"column":29}},"26":{"start":{"line":64,"column":16},"end":{"line":64,"column":24}},"27":{"start":{"line":66,"column":16},"end":{"line":66,"column":29}},"28":{"start":{"line":72,"column":12},"end":{"line":75,"column":29}},"29":{"start":{"line":73,"column":16},"end":{"line":73,"column":24}},"30":{"start":{"line":75,"column":16},"end":{"line":75,"column":29}},"31":{"start":{"line":81,"column":0},"end":{"line":81,"column":22}}},"fnMap":{"0":{"name":"(anonymous_0)","decl":{"start":{"line":1,"column":27},"end":{"line":1,"column":28}},"loc":{"start":{"line":1,"column":38},"end":{"line":22,"column":1}},"line":1},"1":{"name":"(anonymous_1)","decl":{"start":{"line":5,"column":19},"end":{"line":5,"column":20}},"loc":{"start":{"line":5,"column":25},"end":{"line":5,"column":45}},"line":5},"2":{"name":"(anonymous_2)","decl":{"start":{"line":30,"column":32},"end":{"line":30,"column":33}},"loc":{"start":{"line":30,"column":43},"end":{"line":32,"column":9}},"line":30},"3":{"name":"(anonymous_3)","decl":{"start":{"line":37,"column":32},"end":{"line":37,"column":33}},"loc":{"start":{"line":37,"column":45},"end":{"line":39,"column":9}},"line":37},"4":{"name":"(anonymous_4)","decl":{"start":{"line":44,"column":32},"end":{"line":44,"column":33}},"loc":{"start":{"line":44,"column":42},"end":{"line":47,"column":9}},"line":44},"5":{"name":"(anonymous_5)","decl":{"start":{"line":52,"column":32},"end":{"line":52,"column":33}},"loc":{"start":{"line":52,"column":44},"end":{"line":58,"column":9}},"line":52},"6":{"name":"(anonymous_6)","decl":{"start":{"line":62,"column":32},"end":{"line":62,"column":33}},"loc":{"start":{"line":62,"column":44},"end":{"line":67,"column":9}},"line":62},"7":{"name":"(anonymous_7)","decl":{"start":{"line":71,"column":32},"end":{"line":71,"column":33}},"loc":{"start":{"line":71,"column":44},"end":{"line":76,"column":9}},"line":71}},"branchMap":{"0":{"loc":{"start":{"line":5,"column":4},"end":{"line":19,"column":5}},"type":"if","locations":[{"start":{"line":5,"column":4},"end":{"line":19,"column":5}},{"start":{},"end":{}}],"line":5},"1":{"loc":{"start":{"line":8,"column":19},"end":{"line":8,"column":70}},"type":"binary-expr","locations":[{"start":{"line":8,"column":19},"end":{"line":8,"column":35}},{"start":{"line":8,"column":39},"end":{"line":8,"column":70}}],"line":8},"2":{"loc":{"start":{"line":13,"column":12},"end":{"line":15,"column":13}},"type":"if","locations":[{"start":{"line":13,"column":12},"end":{"line":15,"column":13}},{"start":{},"end":{}}],"line":13},"3":{"loc":{"start":{"line":13,"column":16},"end":{"line":13,"column":67}},"type":"binary-expr","locations":[{"start":{"line":13,"column":16},"end":{"line":13,"column":32}},{"start":{"line":13,"column":36},"end":{"line":13,"column":67}}],"line":13},"4":{"loc":{"start":{"line":54,"column":12},"end":{"line":57,"column":29}},"type":"if","locations":[{"start":{"line":54,"column":12},"end":{"line":57,"column":29}},{"start":{"line":57,"column":16},"end":{"line":57,"column":29}}],"line":54},"5":{"loc":{"start":{"line":54,"column":16},"end":{"line":54,"column":42}},"type":"binary-expr","locations":[{"start":{"line":54,"column":16},"end":{"line":54,"column":29}},{"start":{"line":54,"column":32},"end":{"line":54,"column":42}}],"line":54},"6":{"loc":{"start":{"line":63,"column":12},"end":{"line":66,"column":29}},"type":"if","locations":[{"start":{"line":63,"column":12},"end":{"line":66,"column":29}},{"start":{"line":66,"column":16},"end":{"line":66,"column":29}}],"line":63},"7":{"loc":{"start":{"line":63,"column":16},"end":{"line":63,"column":42}},"type":"binary-expr","locations":[{"start":{"line":63,"column":16},"end":{"line":63,"column":29}},{"start":{"line":63,"column":32},"end":{"line":63,"column":42}}],"line":63},"8":{"loc":{"start":{"line":72,"column":12},"end":{"line":75,"column":29}},"type":"if","locations":[{"start":{"line":72,"column":12},"end":{"line":75,"column":29}},{"start":{"line":75,"column":16},"end":{"line":75,"column":29}}],"line":72},"9":{"loc":{"start":{"line":72,"column":16},"end":{"line":72,"column":42}},"type":"binary-expr","locations":[{"start":{"line":72,"column":16},"end":{"line":72,"column":29}},{"start":{"line":72,"column":32},"end":{"line":72,"column":42}}],"line":72}},"s":{"0":1,"1":0,"2":0,"3":0,"4":0,"5":0,"6":0,"7":0,"8":0,"9":0,"10":0,"11":0,"12":0,"13":0,"14":0,"15":0,"16":0,"17":0,"18":1,"19":0,"20":0,"21":0,"22":0,"23":0,"24":0,"25":0,"26":0,"27":0,"28":0,"29":0,"30":0,"31":1},"f":{"0":0,"1":0,"2":0,"3":0,"4":0,"5":0,"6":0,"7":0},"b":{"0":[0,0],"1":[0,0],"2":[0,0],"3":[0,0],"4":[0,0],"5":[0,0],"6":[0,0],"7":[0,0],"8":[0,0],"9":[0,0]},"_coverageSchema":"1a1c01bbd47fc00a2c39e90264f33305004495a9","hash":"f1c8935fbcf0a0767fcce95ce5af717ffe82d6d5"}
,"/my-app/modules/config/config.js": {"path":"/my-app/modules/config/config.js","statementMap":{"0":{"start":{"line":1,"column":0},"end":{"line":1,"column":18}},"1":{"start":{"line":2,"column":23},"end":{"line":2,"column":34}},"2":{"start":{"line":3,"column":15},"end":{"line":3,"column":52}},"3":{"start":{"line":4,"column":22},"end":{"line":4,"column":75}},"4":{"start":{"line":6,"column":15},"end":{"line":8,"column":1}},"5":{"start":{"line":10,"column":4},"end":{"line":31,"column":5}},"6":{"start":{"line":12,"column":8},"end":{"line":20,"column":9}},"7":{"start":{"line":13,"column":22},"end":{"line":13,"column":61}},"8":{"start":{"line":13,"column":40},"end":{"line":13,"column":60}},"9":{"start":{"line":14,"column":12},"end":{"line":14,"column":73}},"10":{"start":{"line":14,"column":47},"end":{"line":14,"column":67}},"11":{"start":{"line":17,"column":24},"end":{"line":17,"column":74}},"12":{"start":{"line":17,"column":59},"end":{"line":17,"column":73}},"13":{"start":{"line":18,"column":12},"end":{"line":18,"column":59}},"14":{"start":{"line":19,"column":12},"end":{"line":19,"column":23}},"15":{"start":{"line":21,"column":20},"end":{"line":21,"column":78}},"16":{"start":{"line":21,"column":39},"end":{"line":21,"column":77}},"17":{"start":{"line":22,"column":8},"end":{"line":26,"column":9}},"18":{"start":{"line":23,"column":24},"end":{"line":23,"column":64}},"19":{"start":{"line":23,"column":48},"end":{"line":23,"column":63}},"20":{"start":{"line":24,"column":12},"end":{"line":24,"column":69}},"21":{"start":{"line":25,"column":12},"end":{"line":25,"column":23}},"22":{"start":{"line":27,"column":8},"end":{"line":27,"column":20}},"23":{"start":{"line":30,"column":8},"end":{"line":30,"column":19}},"24":{"start":{"line":35,"column":16},"end":{"line":35,"column":60}},"25":{"start":{"line":35,"column":34},"end":{"line":35,"column":59}},"26":{"start":{"line":36,"column":21},"end":{"line":36,"column":92}},"27":{"start":{"line":36,"column":63},"end":{"line":36,"column":91}},"28":{"start":{"line":37,"column":4},"end":{"line":41,"column":5}},"29":{"start":{"line":38,"column":20},"end":{"line":38,"column":61}},"30":{"start":{"line":38,"column":44},"end":{"line":38,"column":60}},"31":{"start":{"line":39,"column":8},"end":{"line":39,"column":76}},"32":{"start":{"line":40,"column":8},"end":{"line":40,"column":19}},"33":{"start":{"line":42,"column":4},"end":{"line":42,"column":21}},"34":{"start":{"line":45,"column":17},"end":{"line":109,"column":1}},"35":{"start":{"line":46,"column":19},"end":{"line":46,"column":109}},"36":{"start":{"line":46,"column":36},"end":{"line":46,"column":55}},"37":{"start":{"line":46,"column":86},"end":{"line":46,"column":103}},"38":{"start":{"line":48,"column":4},"end":{"line":55,"column":5}},"39":{"start":{"line":49,"column":8},"end":{"line":49,"column":115}},"40":{"start":{"line":49,"column":55},"end":{"line":49,"column":91}},"41":{"start":{"line":52,"column":20},"end":{"line":52,"column":60}},"42":{"start":{"line":52,"column":44},"end":{"line":52,"column":59}},"43":{"start":{"line":53,"column":8},"end":{"line":53,"column":76}},"44":{"start":{"line":54,"column":8},"end":{"line":54,"column":19}},"45":{"start":{"line":56,"column":4},"end":{"line":63,"column":5}},"46":{"start":{"line":57,"column":8},"end":{"line":57,"column":149}},"47":{"start":{"line":57,"column":51},"end":{"line":57,"column":91}},"48":{"start":{"line":57,"column":120},"end":{"line":57,"column":139}},"49":{"start":{"line":60,"column":20},"end":{"line":60,"column":60}},"50":{"start":{"line":60,"column":44},"end":{"line":60,"column":59}},"51":{"start":{"line":61,"column":8},"end":{"line":61,"column":96}},"52":{"start":{"line":62,"column":8},"end":{"line":62,"column":19}},"53":{"start":{"line":64,"column":24},"end":{"line":64,"column":26}},"54":{"start":{"line":65,"column":22},"end":{"line":98,"column":5}},"55":{"start":{"line":66,"column":32},"end":{"line":66,"column":157}},"56":{"start":{"line":66,"column":63},"end":{"line":66,"column":156}},"57":{"start":{"line":66,"column":92},"end":{"line":66,"column":143}},"58":{"start":{"line":69,"column":19},"end":{"line":69,"column":21}},"59":{"start":{"line":70,"column":8},"end":{"line":77,"column":9}},"60":{"start":{"line":71,"column":25},"end":{"line":71,"column":109}},"61":{"start":{"line":71,"column":55},"end":{"line":71,"column":89}},"62":{"start":{"line":72,"column":12},"end":{"line":72,"column":49}},"63":{"start":{"line":73,"column":12},"end":{"line":73,"column":36}},"64":{"start":{"line":75,"column":26},"end":{"line":75,"column":140}},"65":{"start":{"line":75,"column":56},"end":{"line":75,"column":90}},"66":{"start":{"line":75,"column":123},"end":{"line":75,"column":137}},"67":{"start":{"line":76,"column":12},"end":{"line":76,"column":67}},"68":{"start":{"line":78,"column":8},"end":{"line":96,"column":9}},"69":{"start":{"line":79,"column":12},"end":{"line":93,"column":13}},"70":{"start":{"line":80,"column":32},"end":{"line":80,"column":59}},"71":{"start":{"line":81,"column":28},"end":{"line":81,"column":52}},"72":{"start":{"line":83,"column":30},"end":{"line":83,"column":78}},"73":{"start":{"line":83,"column":64},"end":{"line":83,"column":75}},"74":{"start":{"line":84,"column":16},"end":{"line":84,"column":54}},"75":{"start":{"line":85,"column":36},"end":{"line":85,"column":156}},"76":{"start":{"line":85,"column":65},"end":{"line":85,"column":152}},"77":{"start":{"line":85,"column":92},"end":{"line":85,"column":143}},"78":{"start":{"line":86,"column":35},"end":{"line":86,"column":132}},"79":{"start":{"line":86,"column":64},"end":{"line":86,"column":128}},"80":{"start":{"line":86,"column":91},"end":{"line":86,"column":119}},"81":{"start":{"line":87,"column":16},"end":{"line":92,"column":17}},"82":{"start":{"line":88,"column":20},"end":{"line":88,"column":95}},"83":{"start":{"line":91,"column":20},"end":{"line":91,"column":184}},"84":{"start":{"line":95,"column":12},"end":{"line":95,"column":22}},"85":{"start":{"line":97,"column":8},"end":{"line":97,"column":20}},"86":{"start":{"line":99,"column":17},"end":{"line":99,"column":68}},"87":{"start":{"line":100,"column":17},"end":{"line":100,"column":19}},"88":{"start":{"line":101,"column":4},"end":{"line":105,"column":7}},"89":{"start":{"line":102,"column":8},"end":{"line":104,"column":11}},"90":{"start":{"line":103,"column":12},"end":{"line":103,"column":69}},"91":{"start":{"line":106,"column":4},"end":{"line":106,"column":88}},"92":{"start":{"line":108,"column":4},"end":{"line":108,"column":18}},"93":{"start":{"line":115,"column":4},"end":{"line":127,"column":5}},"94":{"start":{"line":116,"column":22},"end":{"line":116,"column":58}},"95":{"start":{"line":117,"column":22},"end":{"line":117,"column":120}},"96":{"start":{"line":117,"column":50},"end":{"line":117,"column":63}},"97":{"start":{"line":117,"column":77},"end":{"line":117,"column":118}},"98":{"start":{"line":119,"column":8},"end":{"line":123,"column":9}},"99":{"start":{"line":120,"column":24},"end":{"line":120,"column":64}},"100":{"start":{"line":120,"column":48},"end":{"line":120,"column":63}},"101":{"start":{"line":121,"column":12},"end":{"line":121,"column":64}},"102":{"start":{"line":122,"column":12},"end":{"line":122,"column":23}},"103":{"start":{"line":124,"column":8},"end":{"line":124,"column":22}},"104":{"start":{"line":126,"column":8},"end":{"line":126,"column":19}},"105":{"start":{"line":152,"column":18},"end":{"line":152,"column":54}},"106":{"start":{"line":155,"column":18},"end":{"line":155,"column":201}},"107":{"start":{"line":155,"column":46},"end":{"line":155,"column":90}},"108":{"start":{"line":155,"column":104},"end":{"line":155,"column":199}},"109":{"start":{"line":157,"column":4},"end":{"line":157,"column":18}},"110":{"start":{"line":162,"column":4},"end":{"line":174,"column":5}},"111":{"start":{"line":164,"column":25},"end":{"line":164,"column":68}},"112":{"start":{"line":165,"column":8},"end":{"line":169,"column":9}},"113":{"start":{"line":166,"column":24},"end":{"line":166,"column":26}},"114":{"start":{"line":167,"column":12},"end":{"line":167,"column":34}},"115":{"start":{"line":168,"column":12},"end":{"line":168,"column":56}},"116":{"start":{"line":170,"column":8},"end":{"line":170,"column":20}},"117":{"start":{"line":173,"column":8},"end":{"line":173,"column":19}},"118":{"start":{"line":178,"column":4},"end":{"line":203,"column":5}},"119":{"start":{"line":179,"column":22},"end":{"line":179,"column":65}},"120":{"start":{"line":180,"column":8},"end":{"line":197,"column":9}},"121":{"start":{"line":182,"column":12},"end":{"line":193,"column":13}},"122":{"start":{"line":183,"column":31},"end":{"line":183,"column":99}},"123":{"start":{"line":183,"column":55},"end":{"line":183,"column":98}},"124":{"start":{"line":184,"column":33},"end":{"line":184,"column":39}},"125":{"start":{"line":185,"column":16},"end":{"line":185,"column":94}},"126":{"start":{"line":185,"column":75},"end":{"line":185,"column":93}},"127":{"start":{"line":186,"column":28},"end":{"line":186,"column":57}},"128":{"start":{"line":187,"column":16},"end":{"line":187,"column":67}},"129":{"start":{"line":190,"column":28},"end":{"line":190,"column":68}},"130":{"start":{"line":190,"column":52},"end":{"line":190,"column":67}},"131":{"start":{"line":191,"column":16},"end":{"line":191,"column":91}},"132":{"start":{"line":192,"column":16},"end":{"line":192,"column":27}},"133":{"start":{"line":194,"column":33},"end":{"line":194,"column":97}},"134":{"start":{"line":195,"column":38},"end":{"line":195,"column":59}},"135":{"start":{"line":196,"column":12},"end":{"line":196,"column":54}},"136":{"start":{"line":199,"column":8},"end":{"line":199,"column":20}},"137":{"start":{"line":202,"column":8},"end":{"line":202,"column":19}},"138":{"start":{"line":207,"column":4},"end":{"line":219,"column":5}},"139":{"start":{"line":209,"column":24},"end":{"line":209,"column":71}},"140":{"start":{"line":210,"column":18},"end":{"line":210,"column":56}},"141":{"start":{"line":210,"column":36},"end":{"line":210,"column":55}},"142":{"start":{"line":211,"column":20},"end":{"line":211,"column":127}},"143":{"start":{"line":212,"column":20},"end":{"line":212,"column":55}},"144":{"start":{"line":213,"column":8},"end":{"line":213,"column":18}},"145":{"start":{"line":216,"column":18},"end":{"line":216,"column":68}},"146":{"start":{"line":216,"column":53},"end":{"line":216,"column":67}},"147":{"start":{"line":217,"column":8},"end":{"line":217,"column":38}},"148":{"start":{"line":218,"column":8},"end":{"line":218,"column":16}},"149":{"start":{"line":223,"column":18},"end":{"line":223,"column":61}},"150":{"start":{"line":224,"column":18},"end":{"line":224,"column":55}},"151":{"start":{"line":224,"column":43},"end":{"line":224,"column":54}},"152":{"start":{"line":225,"column":4},"end":{"line":225,"column":18}},"153":{"start":{"line":228,"column":0},"end":{"line":239,"column":2}}},"fnMap":{"0":{"name":"getTableFromConfig","decl":{"start":{"line":9,"column":9},"end":{"line":9,"column":27}},"loc":{"start":{"line":9,"column":55},"end":{"line":32,"column":1}},"line":9},"1":{"name":"(anonymous_1)","decl":{"start":{"line":13,"column":34},"end":{"line":13,"column":35}},"loc":{"start":{"line":13,"column":40},"end":{"line":13,"column":60}},"line":13},"2":{"name":"(anonymous_2)","decl":{"start":{"line":14,"column":40},"end":{"line":14,"column":41}},"loc":{"start":{"line":14,"column":47},"end":{"line":14,"column":67}},"line":14},"3":{"name":"(anonymous_3)","decl":{"start":{"line":17,"column":43},"end":{"line":17,"column":44}},"loc":{"start":{"line":17,"column":59},"end":{"line":17,"column":73}},"line":17},"4":{"name":"(anonymous_4)","decl":{"start":{"line":21,"column":32},"end":{"line":21,"column":33}},"loc":{"start":{"line":21,"column":39},"end":{"line":21,"column":77}},"line":21},"5":{"name":"(anonymous_5)","decl":{"start":{"line":23,"column":43},"end":{"line":23,"column":44}},"loc":{"start":{"line":23,"column":48},"end":{"line":23,"column":63}},"line":23},"6":{"name":"getCollectionsFromConfig","decl":{"start":{"line":34,"column":9},"end":{"line":34,"column":33}},"loc":{"start":{"line":34,"column":66},"end":{"line":43,"column":1}},"line":34},"7":{"name":"(anonymous_7)","decl":{"start":{"line":35,"column":28},"end":{"line":35,"column":29}},"loc":{"start":{"line":35,"column":34},"end":{"line":35,"column":59}},"line":35},"8":{"name":"(anonymous_8)","decl":{"start":{"line":36,"column":44},"end":{"line":36,"column":45}},"loc":{"start":{"line":36,"column":63},"end":{"line":36,"column":91}},"line":36},"9":{"name":"(anonymous_9)","decl":{"start":{"line":38,"column":39},"end":{"line":38,"column":40}},"loc":{"start":{"line":38,"column":44},"end":{"line":38,"column":60}},"line":38},"10":{"name":"(anonymous_10)","decl":{"start":{"line":45,"column":17},"end":{"line":45,"column":18}},"loc":{"start":{"line":45,"column":68},"end":{"line":109,"column":1}},"line":45},"11":{"name":"(anonymous_11)","decl":{"start":{"line":46,"column":31},"end":{"line":46,"column":32}},"loc":{"start":{"line":46,"column":36},"end":{"line":46,"column":55}},"line":46},"12":{"name":"(anonymous_12)","decl":{"start":{"line":46,"column":72},"end":{"line":46,"column":73}},"loc":{"start":{"line":46,"column":86},"end":{"line":46,"column":103}},"line":46},"13":{"name":"(anonymous_13)","decl":{"start":{"line":49,"column":37},"end":{"line":49,"column":38}},"loc":{"start":{"line":49,"column":55},"end":{"line":49,"column":91}},"line":49},"14":{"name":"(anonymous_14)","decl":{"start":{"line":52,"column":39},"end":{"line":52,"column":40}},"loc":{"start":{"line":52,"column":44},"end":{"line":52,"column":59}},"line":52},"15":{"name":"(anonymous_15)","decl":{"start":{"line":57,"column":33},"end":{"line":57,"column":34}},"loc":{"start":{"line":57,"column":51},"end":{"line":57,"column":91}},"line":57},"16":{"name":"(anonymous_16)","decl":{"start":{"line":57,"column":106},"end":{"line":57,"column":107}},"loc":{"start":{"line":57,"column":120},"end":{"line":57,"column":139}},"line":57},"17":{"name":"(anonymous_17)","decl":{"start":{"line":60,"column":39},"end":{"line":60,"column":40}},"loc":{"start":{"line":60,"column":44},"end":{"line":60,"column":59}},"line":60},"18":{"name":"(anonymous_18)","decl":{"start":{"line":65,"column":22},"end":{"line":65,"column":23}},"loc":{"start":{"line":65,"column":75},"end":{"line":98,"column":5}},"line":65},"19":{"name":"(anonymous_19)","decl":{"start":{"line":66,"column":46},"end":{"line":66,"column":47}},"loc":{"start":{"line":66,"column":63},"end":{"line":66,"column":156}},"line":66},"20":{"name":"(anonymous_20)","decl":{"start":{"line":66,"column":78},"end":{"line":66,"column":79}},"loc":{"start":{"line":66,"column":92},"end":{"line":66,"column":143}},"line":66},"21":{"name":"(anonymous_21)","decl":{"start":{"line":71,"column":37},"end":{"line":71,"column":38}},"loc":{"start":{"line":71,"column":55},"end":{"line":71,"column":89}},"line":71},"22":{"name":"(anonymous_22)","decl":{"start":{"line":75,"column":38},"end":{"line":75,"column":39}},"loc":{"start":{"line":75,"column":56},"end":{"line":75,"column":90}},"line":75},"23":{"name":"(anonymous_23)","decl":{"start":{"line":75,"column":104},"end":{"line":75,"column":105}},"loc":{"start":{"line":75,"column":121},"end":{"line":75,"column":139}},"line":75},"24":{"name":"(anonymous_24)","decl":{"start":{"line":83,"column":48},"end":{"line":83,"column":49}},"loc":{"start":{"line":83,"column":62},"end":{"line":83,"column":77}},"line":83},"25":{"name":"(anonymous_25)","decl":{"start":{"line":85,"column":48},"end":{"line":85,"column":49}},"loc":{"start":{"line":85,"column":65},"end":{"line":85,"column":152}},"line":85},"26":{"name":"(anonymous_26)","decl":{"start":{"line":85,"column":78},"end":{"line":85,"column":79}},"loc":{"start":{"line":85,"column":92},"end":{"line":85,"column":143}},"line":85},"27":{"name":"(anonymous_27)","decl":{"start":{"line":86,"column":47},"end":{"line":86,"column":48}},"loc":{"start":{"line":86,"column":64},"end":{"line":86,"column":128}},"line":86},"28":{"name":"(anonymous_28)","decl":{"start":{"line":86,"column":77},"end":{"line":86,"column":78}},"loc":{"start":{"line":86,"column":91},"end":{"line":86,"column":119}},"line":86},"29":{"name":"(anonymous_29)","decl":{"start":{"line":101,"column":26},"end":{"line":101,"column":27}},"loc":{"start":{"line":101,"column":31},"end":{"line":105,"column":5}},"line":101},"30":{"name":"(anonymous_30)","decl":{"start":{"line":102,"column":26},"end":{"line":102,"column":27}},"loc":{"start":{"line":102,"column":31},"end":{"line":104,"column":9}},"line":102},"31":{"name":"getReferencedColumns","decl":{"start":{"line":113,"column":9},"end":{"line":113,"column":29}},"loc":{"start":{"line":113,"column":57},"end":{"line":130,"column":1}},"line":113},"32":{"name":"(anonymous_32)","decl":{"start":{"line":117,"column":43},"end":{"line":117,"column":44}},"loc":{"start":{"line":117,"column":50},"end":{"line":117,"column":63}},"line":117},"33":{"name":"(anonymous_33)","decl":{"start":{"line":117,"column":69},"end":{"line":117,"column":70}},"loc":{"start":{"line":117,"column":77},"end":{"line":117,"column":118}},"line":117},"34":{"name":"(anonymous_34)","decl":{"start":{"line":120,"column":43},"end":{"line":120,"column":44}},"loc":{"start":{"line":120,"column":48},"end":{"line":120,"column":63}},"line":120},"35":{"name":"setFullObj","decl":{"start":{"line":131,"column":9},"end":{"line":131,"column":19}},"loc":{"start":{"line":131,"column":43},"end":{"line":145,"column":1}},"line":131},"36":{"name":"getTableAccordingToRef","decl":{"start":{"line":151,"column":9},"end":{"line":151,"column":31}},"loc":{"start":{"line":151,"column":59},"end":{"line":159,"column":1}},"line":151},"37":{"name":"(anonymous_37)","decl":{"start":{"line":155,"column":39},"end":{"line":155,"column":40}},"loc":{"start":{"line":155,"column":46},"end":{"line":155,"column":90}},"line":155},"38":{"name":"(anonymous_38)","decl":{"start":{"line":155,"column":96},"end":{"line":155,"column":97}},"loc":{"start":{"line":155,"column":104},"end":{"line":155,"column":199}},"line":155},"39":{"name":"getObjectWithFeildNameForPrimaryKey","decl":{"start":{"line":161,"column":9},"end":{"line":161,"column":44}},"loc":{"start":{"line":161,"column":82},"end":{"line":175,"column":1}},"line":161},"40":{"name":"getForeignTableAndColumn","decl":{"start":{"line":177,"column":9},"end":{"line":177,"column":33}},"loc":{"start":{"line":177,"column":68},"end":{"line":204,"column":1}},"line":177},"41":{"name":"(anonymous_41)","decl":{"start":{"line":183,"column":50},"end":{"line":183,"column":51}},"loc":{"start":{"line":183,"column":55},"end":{"line":183,"column":98}},"line":183},"42":{"name":"(anonymous_42)","decl":{"start":{"line":185,"column":70},"end":{"line":185,"column":71}},"loc":{"start":{"line":185,"column":75},"end":{"line":185,"column":93}},"line":185},"43":{"name":"(anonymous_43)","decl":{"start":{"line":190,"column":47},"end":{"line":190,"column":48}},"loc":{"start":{"line":190,"column":52},"end":{"line":190,"column":67}},"line":190},"44":{"name":"convertFieldType","decl":{"start":{"line":206,"column":9},"end":{"line":206,"column":25}},"loc":{"start":{"line":206,"column":65},"end":{"line":221,"column":1}},"line":206},"45":{"name":"(anonymous_45)","decl":{"start":{"line":210,"column":31},"end":{"line":210,"column":32}},"loc":{"start":{"line":210,"column":36},"end":{"line":210,"column":55}},"line":210},"46":{"name":"(anonymous_46)","decl":{"start":{"line":216,"column":37},"end":{"line":216,"column":38}},"loc":{"start":{"line":216,"column":53},"end":{"line":216,"column":67}},"line":216},"47":{"name":"getTabeColumnName","decl":{"start":{"line":222,"column":9},"end":{"line":222,"column":26}},"loc":{"start":{"line":222,"column":52},"end":{"line":226,"column":1}},"line":222},"48":{"name":"(anonymous_48)","decl":{"start":{"line":224,"column":36},"end":{"line":224,"column":37}},"loc":{"start":{"line":224,"column":43},"end":{"line":224,"column":54}},"line":224}},"branchMap":{"0":{"loc":{"start":{"line":9,"column":38},"end":{"line":9,"column":53}},"type":"default-arg","locations":[{"start":{"line":9,"column":47},"end":{"line":9,"column":53}}],"line":9},"1":{"loc":{"start":{"line":22,"column":8},"end":{"line":26,"column":9}},"type":"if","locations":[{"start":{"line":22,"column":8},"end":{"line":26,"column":9}},{"start":{},"end":{}}],"line":22},"2":{"loc":{"start":{"line":34,"column":49},"end":{"line":34,"column":64}},"type":"default-arg","locations":[{"start":{"line":34,"column":58},"end":{"line":34,"column":64}}],"line":34},"3":{"loc":{"start":{"line":37,"column":4},"end":{"line":41,"column":5}},"type":"if","locations":[{"start":{"line":37,"column":4},"end":{"line":41,"column":5}},{"start":{},"end":{}}],"line":37},"4":{"loc":{"start":{"line":45,"column":50},"end":{"line":45,"column":63}},"type":"default-arg","locations":[{"start":{"line":45,"column":57},"end":{"line":45,"column":63}}],"line":45},"5":{"loc":{"start":{"line":65,"column":57},"end":{"line":65,"column":70}},"type":"default-arg","locations":[{"start":{"line":65,"column":64},"end":{"line":65,"column":70}}],"line":65},"6":{"loc":{"start":{"line":70,"column":8},"end":{"line":77,"column":9}},"type":"if","locations":[{"start":{"line":70,"column":8},"end":{"line":77,"column":9}},{"start":{},"end":{}}],"line":70},"7":{"loc":{"start":{"line":78,"column":8},"end":{"line":96,"column":9}},"type":"if","locations":[{"start":{"line":78,"column":8},"end":{"line":96,"column":9}},{"start":{"line":94,"column":13},"end":{"line":96,"column":9}}],"line":78},"8":{"loc":{"start":{"line":87,"column":16},"end":{"line":92,"column":17}},"type":"if","locations":[{"start":{"line":87,"column":16},"end":{"line":92,"column":17}},{"start":{"line":90,"column":21},"end":{"line":92,"column":17}}],"line":87},"9":{"loc":{"start":{"line":113,"column":40},"end":{"line":113,"column":55}},"type":"default-arg","locations":[{"start":{"line":113,"column":49},"end":{"line":113,"column":55}}],"line":113},"10":{"loc":{"start":{"line":119,"column":8},"end":{"line":123,"column":9}},"type":"if","locations":[{"start":{"line":119,"column":8},"end":{"line":123,"column":9}},{"start":{},"end":{}}],"line":119},"11":{"loc":{"start":{"line":151,"column":42},"end":{"line":151,"column":57}},"type":"default-arg","locations":[{"start":{"line":151,"column":51},"end":{"line":151,"column":57}}],"line":151},"12":{"loc":{"start":{"line":161,"column":67},"end":{"line":161,"column":80}},"type":"default-arg","locations":[{"start":{"line":161,"column":74},"end":{"line":161,"column":80}}],"line":161},"13":{"loc":{"start":{"line":165,"column":8},"end":{"line":169,"column":9}},"type":"if","locations":[{"start":{"line":165,"column":8},"end":{"line":169,"column":9}},{"start":{},"end":{}}],"line":165},"14":{"loc":{"start":{"line":177,"column":51},"end":{"line":177,"column":66}},"type":"default-arg","locations":[{"start":{"line":177,"column":60},"end":{"line":177,"column":66}}],"line":177},"15":{"loc":{"start":{"line":180,"column":8},"end":{"line":197,"column":9}},"type":"if","locations":[{"start":{"line":180,"column":8},"end":{"line":197,"column":9}},{"start":{},"end":{}}],"line":180},"16":{"loc":{"start":{"line":206,"column":50},"end":{"line":206,"column":63}},"type":"default-arg","locations":[{"start":{"line":206,"column":57},"end":{"line":206,"column":63}}],"line":206},"17":{"loc":{"start":{"line":222,"column":37},"end":{"line":222,"column":50}},"type":"default-arg","locations":[{"start":{"line":222,"column":44},"end":{"line":222,"column":50}}],"line":222}},"s":{"0":2,"1":2,"2":2,"3":2,"4":2,"5":33,"6":33,"7":33,"8":34,"9":33,"10":64,"11":1,"12":18,"13":1,"14":1,"15":32,"16":105,"17":32,"18":5,"19":115,"20":5,"21":5,"22":27,"23":6,"24":5,"25":10,"26":5,"27":5,"28":5,"29":1,"30":28,"31":1,"32":1,"33":4,"34":2,"35":0,"36":0,"37":0,"38":0,"39":0,"40":0,"41":0,"42":0,"43":0,"44":0,"45":0,"46":0,"47":0,"48":0,"49":0,"50":0,"51":0,"52":0,"53":0,"54":0,"55":0,"56":0,"57":0,"58":0,"59":0,"60":0,"61":0,"62":0,"63":0,"64":0,"65":0,"66":0,"67":0,"68":0,"69":0,"70":0,"71":0,"72":0,"73":0,"74":0,"75":0,"76":0,"77":0,"78":0,"79":0,"80":0,"81":0,"82":0,"83":0,"84":0,"85":0,"86":0,"87":0,"88":0,"89":0,"90":0,"91":0,"92":0,"93":6,"94":6,"95":5,"96":18,"97":4,"98":5,"99":0,"100":0,"101":0,"102":0,"103":5,"104":1,"105":8,"106":6,"107":23,"108":5,"109":6,"110":0,"111":0,"112":0,"113":0,"114":0,"115":0,"116":0,"117":0,"118":5,"119":5,"120":5,"121":5,"122":5,"123":11,"124":5,"125":5,"126":33,"127":5,"128":3,"129":2,"130":52,"131":2,"132":2,"133":3,"134":3,"135":3,"136":0,"137":2,"138":0,"139":0,"140":0,"141":0,"142":0,"143":0,"144":0,"145":0,"146":0,"147":0,"148":0,"149":5,"150":4,"151":10,"152":4,"153":2},"f":{"0":33,"1":34,"2":64,"3":18,"4":105,"5":115,"6":5,"7":10,"8":5,"9":28,"10":0,"11":0,"12":0,"13":0,"14":0,"15":0,"16":0,"17":0,"18":0,"19":0,"20":0,"21":0,"22":0,"23":0,"24":0,"25":0,"26":0,"27":0,"28":0,"29":0,"30":0,"31":6,"32":18,"33":4,"34":0,"35":0,"36":8,"37":23,"38":5,"39":0,"40":5,"41":11,"42":33,"43":52,"44":0,"45":0,"46":0,"47":5,"48":10},"b":{"0":[0],"1":[5,27],"2":[0],"3":[1,4],"4":[0],"5":[0],"6":[0,0],"7":[0,0],"8":[0,0],"9":[0],"10":[0,5],"11":[1],"12":[0],"13":[0,0],"14":[0],"15":[5,0],"16":[0],"17":[0]},"_coverageSchema":"1a1c01bbd47fc00a2c39e90264f33305004495a9","hash":"118c47623c992df49b33dc8fbc4130503823a624"}
,"/my-app/utils/convert_condition.js": {"path":"/my-app/utils/convert_condition.js","statementMap":{"0":{"start":{"line":1,"column":0},"end":{"line":1,"column":18}},"1":{"start":{"line":2,"column":30},"end":{"line":2,"column":65}},"2":{"start":{"line":3,"column":44},"end":{"line":3,"column":72}},"3":{"start":{"line":4,"column":41},"end":{"line":4,"column":64}},"4":{"start":{"line":5,"column":18},"end":{"line":17,"column":1}},"5":{"start":{"line":18,"column":30},"end":{"line":129,"column":1}},"6":{"start":{"line":19,"column":22},"end":{"line":19,"column":49}},"7":{"start":{"line":20,"column":23},"end":{"line":20,"column":60}},"8":{"start":{"line":21,"column":23},"end":{"line":74,"column":5}},"9":{"start":{"line":22,"column":8},"end":{"line":71,"column":9}},"10":{"start":{"line":23,"column":24},"end":{"line":23,"column":26}},"11":{"start":{"line":24,"column":12},"end":{"line":66,"column":13}},"12":{"start":{"line":25,"column":16},"end":{"line":65,"column":17}},"13":{"start":{"line":27,"column":24},"end":{"line":27,"column":98}},"14":{"start":{"line":28,"column":24},"end":{"line":28,"column":30}},"15":{"start":{"line":30,"column":24},"end":{"line":30,"column":98}},"16":{"start":{"line":31,"column":24},"end":{"line":31,"column":29}},"17":{"start":{"line":33,"column":24},"end":{"line":33,"column":89}},"18":{"start":{"line":34,"column":24},"end":{"line":34,"column":29}},"19":{"start":{"line":36,"column":24},"end":{"line":36,"column":107}},"20":{"start":{"line":37,"column":24},"end":{"line":37,"column":30}},"21":{"start":{"line":39,"column":24},"end":{"line":39,"column":105}},"22":{"start":{"line":40,"column":24},"end":{"line":40,"column":30}},"23":{"start":{"line":42,"column":24},"end":{"line":42,"column":106}},"24":{"start":{"line":43,"column":24},"end":{"line":43,"column":30}},"25":{"start":{"line":45,"column":24},"end":{"line":45,"column":84}},"26":{"start":{"line":46,"column":24},"end":{"line":46,"column":30}},"27":{"start":{"line":48,"column":24},"end":{"line":48,"column":102}},"28":{"start":{"line":49,"column":24},"end":{"line":49,"column":30}},"29":{"start":{"line":51,"column":24},"end":{"line":51,"column":103}},"30":{"start":{"line":52,"column":24},"end":{"line":52,"column":30}},"31":{"start":{"line":54,"column":24},"end":{"line":54,"column":103}},"32":{"start":{"line":55,"column":24},"end":{"line":55,"column":30}},"33":{"start":{"line":57,"column":24},"end":{"line":57,"column":102}},"34":{"start":{"line":58,"column":24},"end":{"line":58,"column":30}},"35":{"start":{"line":60,"column":34},"end":{"line":60,"column":36}},"36":{"start":{"line":61,"column":24},"end":{"line":61,"column":37}},"37":{"start":{"line":62,"column":37},"end":{"line":62,"column":81}},"38":{"start":{"line":63,"column":24},"end":{"line":63,"column":161}},"39":{"start":{"line":64,"column":24},"end":{"line":64,"column":30}},"40":{"start":{"line":67,"column":12},"end":{"line":67,"column":25}},"41":{"start":{"line":70,"column":12},"end":{"line":70,"column":31}},"42":{"start":{"line":75,"column":29},"end":{"line":85,"column":5}},"43":{"start":{"line":76,"column":20},"end":{"line":76,"column":22}},"44":{"start":{"line":77,"column":8},"end":{"line":83,"column":9}},"45":{"start":{"line":78,"column":12},"end":{"line":82,"column":70}},"46":{"start":{"line":79,"column":16},"end":{"line":79,"column":64}},"47":{"start":{"line":82,"column":16},"end":{"line":82,"column":70}},"48":{"start":{"line":84,"column":8},"end":{"line":84,"column":21}},"49":{"start":{"line":86,"column":25},"end":{"line":94,"column":5}},"50":{"start":{"line":87,"column":20},"end":{"line":87,"column":46}},"51":{"start":{"line":88,"column":18},"end":{"line":88,"column":20}},"52":{"start":{"line":89,"column":8},"end":{"line":89,"column":21}},"53":{"start":{"line":90,"column":21},"end":{"line":90,"column":65}},"54":{"start":{"line":91,"column":22},"end":{"line":91,"column":97}},"55":{"start":{"line":92,"column":8},"end":{"line":92,"column":21}},"56":{"start":{"line":95,"column":22},"end":{"line":116,"column":5}},"57":{"start":{"line":96,"column":20},"end":{"line":96,"column":40}},"58":{"start":{"line":97,"column":18},"end":{"line":97,"column":20}},"59":{"start":{"line":98,"column":8},"end":{"line":98,"column":22}},"60":{"start":{"line":99,"column":21},"end":{"line":99,"column":68}},"61":{"start":{"line":100,"column":20},"end":{"line":100,"column":22}},"62":{"start":{"line":101,"column":8},"end":{"line":113,"column":9}},"63":{"start":{"line":103,"column":16},"end":{"line":103,"column":43}},"64":{"start":{"line":104,"column":16},"end":{"line":104,"column":22}},"65":{"start":{"line":106,"column":16},"end":{"line":106,"column":43}},"66":{"start":{"line":107,"column":16},"end":{"line":107,"column":22}},"67":{"start":{"line":109,"column":16},"end":{"line":109,"column":44}},"68":{"start":{"line":110,"column":16},"end":{"line":110,"column":22}},"69":{"start":{"line":112,"column":16},"end":{"line":112,"column":22}},"70":{"start":{"line":114,"column":22},"end":{"line":114,"column":64}},"71":{"start":{"line":115,"column":8},"end":{"line":115,"column":21}},"72":{"start":{"line":117,"column":20},"end":{"line":125,"column":5}},"73":{"start":{"line":118,"column":20},"end":{"line":118,"column":46}},"74":{"start":{"line":119,"column":18},"end":{"line":119,"column":20}},"75":{"start":{"line":120,"column":8},"end":{"line":120,"column":22}},"76":{"start":{"line":121,"column":21},"end":{"line":121,"column":68}},"77":{"start":{"line":122,"column":23},"end":{"line":122,"column":121}},"78":{"start":{"line":122,"column":44},"end":{"line":122,"column":118}},"79":{"start":{"line":123,"column":20},"end":{"line":123,"column":70}},"80":{"start":{"line":124,"column":8},"end":{"line":124,"column":21}},"81":{"start":{"line":126,"column":17},"end":{"line":126,"column":45}},"82":{"start":{"line":127,"column":4},"end":{"line":127,"column":48}},"83":{"start":{"line":128,"column":4},"end":{"line":128,"column":18}},"84":{"start":{"line":131,"column":29},"end":{"line":142,"column":1}},"85":{"start":{"line":132,"column":17},"end":{"line":132,"column":19}},"86":{"start":{"line":133,"column":4},"end":{"line":140,"column":5}},"87":{"start":{"line":134,"column":8},"end":{"line":139,"column":9}},"88":{"start":{"line":135,"column":12},"end":{"line":135,"column":94}},"89":{"start":{"line":135,"column":70},"end":{"line":135,"column":93}},"90":{"start":{"line":138,"column":12},"end":{"line":138,"column":40}},"91":{"start":{"line":141,"column":4},"end":{"line":141,"column":17}},"92":{"start":{"line":144,"column":22},"end":{"line":152,"column":1}},"93":{"start":{"line":145,"column":12},"end":{"line":145,"column":14}},"94":{"start":{"line":146,"column":4},"end":{"line":150,"column":5}},"95":{"start":{"line":146,"column":17},"end":{"line":146,"column":18}},"96":{"start":{"line":147,"column":8},"end":{"line":148,"column":21}},"97":{"start":{"line":148,"column":12},"end":{"line":148,"column":21}},"98":{"start":{"line":149,"column":8},"end":{"line":149,"column":19}},"99":{"start":{"line":151,"column":4},"end":{"line":151,"column":13}},"100":{"start":{"line":190,"column":25},"end":{"line":213,"column":1}},"101":{"start":{"line":191,"column":4},"end":{"line":191,"column":24}},"102":{"start":{"line":192,"column":4},"end":{"line":210,"column":5}},"103":{"start":{"line":192,"column":17},"end":{"line":192,"column":22}},"104":{"start":{"line":193,"column":8},"end":{"line":209,"column":9}},"105":{"start":{"line":194,"column":12},"end":{"line":194,"column":32}},"106":{"start":{"line":195,"column":12},"end":{"line":208,"column":13}},"107":{"start":{"line":197,"column":20},"end":{"line":197,"column":28}},"108":{"start":{"line":198,"column":20},"end":{"line":198,"column":71}},"109":{"start":{"line":199,"column":20},"end":{"line":199,"column":40}},"110":{"start":{"line":200,"column":20},"end":{"line":200,"column":30}},"111":{"start":{"line":202,"column":20},"end":{"line":202,"column":31}},"112":{"start":{"line":204,"column":33},"end":{"line":204,"column":35}},"113":{"start":{"line":205,"column":20},"end":{"line":205,"column":60}},"114":{"start":{"line":206,"column":20},"end":{"line":206,"column":42}},"115":{"start":{"line":207,"column":20},"end":{"line":207,"column":26}},"116":{"start":{"line":211,"column":4},"end":{"line":211,"column":14}},"117":{"start":{"line":215,"column":29},"end":{"line":230,"column":1}},"118":{"start":{"line":216,"column":23},"end":{"line":216,"column":116}},"119":{"start":{"line":216,"column":68},"end":{"line":216,"column":111}},"120":{"start":{"line":217,"column":4},"end":{"line":217,"column":27}},"121":{"start":{"line":218,"column":19},"end":{"line":218,"column":54}},"122":{"start":{"line":219,"column":4},"end":{"line":219,"column":29}},"123":{"start":{"line":220,"column":4},"end":{"line":227,"column":5}},"124":{"start":{"line":221,"column":8},"end":{"line":226,"column":14}},"125":{"start":{"line":222,"column":22},"end":{"line":222,"column":36}},"126":{"start":{"line":223,"column":22},"end":{"line":223,"column":24}},"127":{"start":{"line":224,"column":12},"end":{"line":224,"column":29}},"128":{"start":{"line":225,"column":12},"end":{"line":225,"column":43}},"129":{"start":{"line":228,"column":4},"end":{"line":228,"column":25}},"130":{"start":{"line":229,"column":4},"end":{"line":229,"column":19}},"131":{"start":{"line":237,"column":0},"end":{"line":237,"column":86}}},"fnMap":{"0":{"name":"(anonymous_0)","decl":{"start":{"line":18,"column":30},"end":{"line":18,"column":31}},"loc":{"start":{"line":18,"column":52},"end":{"line":129,"column":1}},"line":18},"1":{"name":"(anonymous_1)","decl":{"start":{"line":21,"column":23},"end":{"line":21,"column":24}},"loc":{"start":{"line":21,"column":60},"end":{"line":74,"column":5}},"line":21},"2":{"name":"(anonymous_2)","decl":{"start":{"line":75,"column":29},"end":{"line":75,"column":30}},"loc":{"start":{"line":75,"column":62},"end":{"line":85,"column":5}},"line":75},"3":{"name":"(anonymous_3)","decl":{"start":{"line":86,"column":25},"end":{"line":86,"column":26}},"loc":{"start":{"line":86,"column":38},"end":{"line":94,"column":5}},"line":86},"4":{"name":"(anonymous_4)","decl":{"start":{"line":95,"column":22},"end":{"line":95,"column":23}},"loc":{"start":{"line":95,"column":42},"end":{"line":116,"column":5}},"line":95},"5":{"name":"(anonymous_5)","decl":{"start":{"line":117,"column":20},"end":{"line":117,"column":21}},"loc":{"start":{"line":117,"column":33},"end":{"line":125,"column":5}},"line":117},"6":{"name":"(anonymous_6)","decl":{"start":{"line":122,"column":35},"end":{"line":122,"column":36}},"loc":{"start":{"line":122,"column":42},"end":{"line":122,"column":120}},"line":122},"7":{"name":"(anonymous_7)","decl":{"start":{"line":131,"column":29},"end":{"line":131,"column":30}},"loc":{"start":{"line":131,"column":44},"end":{"line":142,"column":1}},"line":131},"8":{"name":"(anonymous_8)","decl":{"start":{"line":135,"column":65},"end":{"line":135,"column":66}},"loc":{"start":{"line":135,"column":70},"end":{"line":135,"column":93}},"line":135},"9":{"name":"(anonymous_9)","decl":{"start":{"line":144,"column":22},"end":{"line":144,"column":23}},"loc":{"start":{"line":144,"column":31},"end":{"line":152,"column":1}},"line":144},"10":{"name":"(anonymous_10)","decl":{"start":{"line":190,"column":25},"end":{"line":190,"column":26}},"loc":{"start":{"line":190,"column":46},"end":{"line":213,"column":1}},"line":190},"11":{"name":"(anonymous_11)","decl":{"start":{"line":215,"column":29},"end":{"line":215,"column":30}},"loc":{"start":{"line":215,"column":40},"end":{"line":230,"column":1}},"line":215},"12":{"name":"(anonymous_12)","decl":{"start":{"line":216,"column":52},"end":{"line":216,"column":53}},"loc":{"start":{"line":216,"column":68},"end":{"line":216,"column":111}},"line":216},"13":{"name":"(anonymous_13)","decl":{"start":{"line":221,"column":35},"end":{"line":221,"column":36}},"loc":{"start":{"line":221,"column":53},"end":{"line":226,"column":9}},"line":221}},"branchMap":{"0":{"loc":{"start":{"line":21,"column":45},"end":{"line":21,"column":55}},"type":"default-arg","locations":[{"start":{"line":21,"column":52},"end":{"line":21,"column":55}}],"line":21},"1":{"loc":{"start":{"line":25,"column":16},"end":{"line":65,"column":17}},"type":"switch","locations":[{"start":{"line":26,"column":20},"end":{"line":28,"column":30}},{"start":{"line":29,"column":20},"end":{"line":31,"column":29}},{"start":{"line":32,"column":20},"end":{"line":34,"column":29}},{"start":{"line":35,"column":20},"end":{"line":37,"column":30}},{"start":{"line":38,"column":20},"end":{"line":40,"column":30}},{"start":{"line":41,"column":20},"end":{"line":43,"column":30}},{"start":{"line":44,"column":20},"end":{"line":46,"column":30}},{"start":{"line":47,"column":20},"end":{"line":49,"column":30}},{"start":{"line":50,"column":20},"end":{"line":52,"column":30}},{"start":{"line":53,"column":20},"end":{"line":55,"column":30}},{"start":{"line":56,"column":20},"end":{"line":58,"column":30}},{"start":{"line":59,"column":20},"end":{"line":64,"column":30}}],"line":25},"2":{"loc":{"start":{"line":75,"column":47},"end":{"line":75,"column":57}},"type":"default-arg","locations":[{"start":{"line":75,"column":54},"end":{"line":75,"column":57}}],"line":75},"3":{"loc":{"start":{"line":78,"column":12},"end":{"line":82,"column":70}},"type":"if","locations":[{"start":{"line":78,"column":12},"end":{"line":82,"column":70}},{"start":{"line":82,"column":16},"end":{"line":82,"column":70}}],"line":78},"4":{"loc":{"start":{"line":101,"column":8},"end":{"line":113,"column":9}},"type":"switch","locations":[{"start":{"line":102,"column":12},"end":{"line":104,"column":22}},{"start":{"line":105,"column":12},"end":{"line":107,"column":22}},{"start":{"line":108,"column":12},"end":{"line":110,"column":22}},{"start":{"line":111,"column":12},"end":{"line":112,"column":22}}],"line":101},"5":{"loc":{"start":{"line":134,"column":8},"end":{"line":139,"column":9}},"type":"if","locations":[{"start":{"line":134,"column":8},"end":{"line":139,"column":9}},{"start":{"line":137,"column":13},"end":{"line":139,"column":9}}],"line":134},"6":{"loc":{"start":{"line":147,"column":8},"end":{"line":148,"column":21}},"type":"if","locations":[{"start":{"line":147,"column":8},"end":{"line":148,"column":21}},{"start":{},"end":{}}],"line":147},"7":{"loc":{"start":{"line":147,"column":12},"end":{"line":147,"column":42}},"type":"binary-expr","locations":[{"start":{"line":147,"column":12},"end":{"line":147,"column":25}},{"start":{"line":147,"column":29},"end":{"line":147,"column":42}}],"line":147},"8":{"loc":{"start":{"line":195,"column":12},"end":{"line":208,"column":13}},"type":"switch","locations":[{"start":{"line":196,"column":16},"end":{"line":200,"column":30}},{"start":{"line":201,"column":16},"end":{"line":202,"column":31}},{"start":{"line":203,"column":16},"end":{"line":207,"column":26}}],"line":195},"9":{"loc":{"start":{"line":220,"column":4},"end":{"line":227,"column":5}},"type":"if","locations":[{"start":{"line":220,"column":4},"end":{"line":227,"column":5}},{"start":{},"end":{}}],"line":220}},"s":{"0":1,"1":1,"2":1,"3":1,"4":1,"5":1,"6":0,"7":0,"8":0,"9":0,"10":0,"11":0,"12":0,"13":0,"14":0,"15":0,"16":0,"17":0,"18":0,"19":0,"20":0,"21":0,"22":0,"23":0,"24":0,"25":0,"26":0,"27":0,"28":0,"29":0,"30":0,"31":0,"32":0,"33":0,"34":0,"35":0,"36":0,"37":0,"38":0,"39":0,"40":0,"41":0,"42":0,"43":0,"44":0,"45":0,"46":0,"47":0,"48":0,"49":0,"50":0,"51":0,"52":0,"53":0,"54":0,"55":0,"56":0,"57":0,"58":0,"59":0,"60":0,"61":0,"62":0,"63":0,"64":0,"65":0,"66":0,"67":0,"68":0,"69":0,"70":0,"71":0,"72":0,"73":0,"74":0,"75":0,"76":0,"77":0,"78":0,"79":0,"80":0,"81":0,"82":0,"83":0,"84":1,"85":0,"86":0,"87":0,"88":0,"89":0,"90":0,"91":0,"92":1,"93":4,"94":4,"95":4,"96":36,"97":0,"98":36,"99":4,"100":1,"101":3,"102":3,"103":3,"104":6,"105":6,"106":6,"107":1,"108":1,"109":1,"110":1,"111":1,"112":4,"113":4,"114":4,"115":4,"116":1,"117":1,"118":2,"119":6,"120":2,"121":2,"122":2,"123":2,"124":1,"125":2,"126":2,"127":2,"128":2,"129":2,"130":2,"131":1},"f":{"0":0,"1":0,"2":0,"3":0,"4":0,"5":0,"6":0,"7":0,"8":0,"9":4,"10":3,"11":2,"12":6,"13":2},"b":{"0":[0],"1":[0,0,0,0,0,0,0,0,0,0,0,0],"2":[0],"3":[0,0],"4":[0,0,0,0],"5":[0,0],"6":[0,36],"7":[36,36],"8":[1,1,4],"9":[1,1]},"_coverageSchema":"1a1c01bbd47fc00a2c39e90264f33305004495a9","hash":"21f3740b4c698afd26bc87a341fa4f86ecc3625c"}
,"/my-app/utils/parse_name.js": {"path":"/my-app/utils/parse_name.js","statementMap":{"0":{"start":{"line":1,"column":15},"end":{"line":1,"column":49}},"1":{"start":{"line":2,"column":22},"end":{"line":2,"column":72}},"2":{"start":{"line":3,"column":39},"end":{"line":3,"column":74}},"3":{"start":{"line":6,"column":4},"end":{"line":16,"column":5}},"4":{"start":{"line":7,"column":8},"end":{"line":15,"column":9}},"5":{"start":{"line":8,"column":12},"end":{"line":8,"column":78}},"6":{"start":{"line":9,"column":12},"end":{"line":9,"column":19}},"7":{"start":{"line":12,"column":12},"end":{"line":12,"column":42}},"8":{"start":{"line":13,"column":12},"end":{"line":13,"column":57}},"9":{"start":{"line":20,"column":4},"end":{"line":20,"column":37}},"10":{"start":{"line":21,"column":18},"end":{"line":21,"column":20}},"11":{"start":{"line":22,"column":16},"end":{"line":22,"column":18}},"12":{"start":{"line":23,"column":4},"end":{"line":32,"column":5}},"13":{"start":{"line":24,"column":21},"end":{"line":24,"column":180}},"14":{"start":{"line":24,"column":50},"end":{"line":24,"column":179}},"15":{"start":{"line":26,"column":8},"end":{"line":31,"column":9}},"16":{"start":{"line":27,"column":12},"end":{"line":27,"column":50}},"17":{"start":{"line":30,"column":12},"end":{"line":30,"column":37}},"18":{"start":{"line":33,"column":4},"end":{"line":38,"column":5}},"19":{"start":{"line":34,"column":26},"end":{"line":34,"column":76}},"20":{"start":{"line":35,"column":8},"end":{"line":35,"column":57}},"21":{"start":{"line":35,"column":40},"end":{"line":35,"column":56}},"22":{"start":{"line":36,"column":8},"end":{"line":36,"column":39}},"23":{"start":{"line":37,"column":8},"end":{"line":37,"column":19}},"24":{"start":{"line":39,"column":4},"end":{"line":39,"column":18}},"25":{"start":{"line":42,"column":34},"end":{"line":52,"column":1}},"26":{"start":{"line":43,"column":4},"end":{"line":51,"column":5}},"27":{"start":{"line":44,"column":8},"end":{"line":50,"column":9}},"28":{"start":{"line":45,"column":12},"end":{"line":45,"column":84}},"29":{"start":{"line":46,"column":12},"end":{"line":46,"column":19}},"30":{"start":{"line":49,"column":12},"end":{"line":49,"column":57}},"31":{"start":{"line":53,"column":31},"end":{"line":72,"column":1}},"32":{"start":{"line":54,"column":4},"end":{"line":71,"column":5}},"33":{"start":{"line":55,"column":8},"end":{"line":69,"column":9}},"34":{"start":{"line":56,"column":22},"end":{"line":56,"column":66}},"35":{"start":{"line":56,"column":40},"end":{"line":56,"column":65}},"36":{"start":{"line":57,"column":25},"end":{"line":57,"column":77}},"37":{"start":{"line":57,"column":51},"end":{"line":57,"column":71}},"38":{"start":{"line":58,"column":24},"end":{"line":58,"column":157}},"39":{"start":{"line":58,"column":45},"end":{"line":58,"column":156}},"40":{"start":{"line":59,"column":12},"end":{"line":65,"column":13}},"41":{"start":{"line":60,"column":16},"end":{"line":60,"column":103}},"42":{"start":{"line":60,"column":61},"end":{"line":60,"column":102}},"43":{"start":{"line":61,"column":16},"end":{"line":61,"column":22}},"44":{"start":{"line":64,"column":16},"end":{"line":64,"column":63}},"45":{"start":{"line":64,"column":46},"end":{"line":64,"column":62}},"46":{"start":{"line":68,"column":12},"end":{"line":68,"column":56}},"47":{"start":{"line":74,"column":20},"end":{"line":93,"column":1}},"48":{"start":{"line":76,"column":14},"end":{"line":76,"column":59}},"49":{"start":{"line":76,"column":32},"end":{"line":76,"column":58}},"50":{"start":{"line":77,"column":17},"end":{"line":77,"column":70}},"51":{"start":{"line":77,"column":43},"end":{"line":77,"column":64}},"52":{"start":{"line":78,"column":16},"end":{"line":78,"column":121}},"53":{"start":{"line":78,"column":37},"end":{"line":78,"column":120}},"54":{"start":{"line":79,"column":4},"end":{"line":81,"column":5}},"55":{"start":{"line":80,"column":8},"end":{"line":80,"column":76}},"56":{"start":{"line":82,"column":18},"end":{"line":82,"column":65}},"57":{"start":{"line":82,"column":36},"end":{"line":82,"column":64}},"58":{"start":{"line":83,"column":23},"end":{"line":83,"column":80}},"59":{"start":{"line":83,"column":60},"end":{"line":83,"column":79}},"60":{"start":{"line":84,"column":4},"end":{"line":92,"column":5}},"61":{"start":{"line":85,"column":8},"end":{"line":85,"column":72}},"62":{"start":{"line":88,"column":26},"end":{"line":88,"column":72}},"63":{"start":{"line":89,"column":20},"end":{"line":89,"column":61}},"64":{"start":{"line":89,"column":44},"end":{"line":89,"column":60}},"65":{"start":{"line":90,"column":8},"end":{"line":90,"column":39}},"66":{"start":{"line":91,"column":8},"end":{"line":91,"column":20}},"67":{"start":{"line":95,"column":0},"end":{"line":95,"column":116}}},"fnMap":{"0":{"name":"parseTableName","decl":{"start":{"line":5,"column":9},"end":{"line":5,"column":23}},"loc":{"start":{"line":5,"column":26},"end":{"line":17,"column":1}},"line":5},"1":{"name":"(anonymous_1)","decl":{"start":{"line":6,"column":11},"end":{"line":6,"column":12}},"loc":{"start":{"line":6,"column":31},"end":{"line":16,"column":5}},"line":6},"2":{"name":"parseColumnName","decl":{"start":{"line":19,"column":9},"end":{"line":19,"column":24}},"loc":{"start":{"line":19,"column":40},"end":{"line":41,"column":1}},"line":19},"3":{"name":"(anonymous_3)","decl":{"start":{"line":24,"column":40},"end":{"line":24,"column":41}},"loc":{"start":{"line":24,"column":50},"end":{"line":24,"column":179}},"line":24},"4":{"name":"(anonymous_4)","decl":{"start":{"line":35,"column":35},"end":{"line":35,"column":36}},"loc":{"start":{"line":35,"column":40},"end":{"line":35,"column":56}},"line":35},"5":{"name":"(anonymous_5)","decl":{"start":{"line":42,"column":34},"end":{"line":42,"column":35}},"loc":{"start":{"line":42,"column":40},"end":{"line":52,"column":1}},"line":42},"6":{"name":"(anonymous_6)","decl":{"start":{"line":43,"column":11},"end":{"line":43,"column":12}},"loc":{"start":{"line":43,"column":31},"end":{"line":51,"column":5}},"line":43},"7":{"name":"(anonymous_7)","decl":{"start":{"line":53,"column":31},"end":{"line":53,"column":32}},"loc":{"start":{"line":53,"column":37},"end":{"line":72,"column":1}},"line":53},"8":{"name":"(anonymous_8)","decl":{"start":{"line":54,"column":11},"end":{"line":54,"column":12}},"loc":{"start":{"line":54,"column":31},"end":{"line":71,"column":5}},"line":54},"9":{"name":"(anonymous_9)","decl":{"start":{"line":56,"column":34},"end":{"line":56,"column":35}},"loc":{"start":{"line":56,"column":40},"end":{"line":56,"column":65}},"line":56},"10":{"name":"(anonymous_10)","decl":{"start":{"line":57,"column":44},"end":{"line":57,"column":45}},"loc":{"start":{"line":57,"column":51},"end":{"line":57,"column":71}},"line":57},"11":{"name":"(anonymous_11)","decl":{"start":{"line":58,"column":36},"end":{"line":58,"column":37}},"loc":{"start":{"line":58,"column":45},"end":{"line":58,"column":156}},"line":58},"12":{"name":"(anonymous_12)","decl":{"start":{"line":60,"column":54},"end":{"line":60,"column":55}},"loc":{"start":{"line":60,"column":61},"end":{"line":60,"column":102}},"line":60},"13":{"name":"(anonymous_13)","decl":{"start":{"line":64,"column":41},"end":{"line":64,"column":42}},"loc":{"start":{"line":64,"column":46},"end":{"line":64,"column":62}},"line":64},"14":{"name":"(anonymous_14)","decl":{"start":{"line":74,"column":20},"end":{"line":74,"column":21}},"loc":{"start":{"line":74,"column":36},"end":{"line":93,"column":1}},"line":74},"15":{"name":"(anonymous_15)","decl":{"start":{"line":76,"column":26},"end":{"line":76,"column":27}},"loc":{"start":{"line":76,"column":32},"end":{"line":76,"column":58}},"line":76},"16":{"name":"(anonymous_16)","decl":{"start":{"line":77,"column":36},"end":{"line":77,"column":37}},"loc":{"start":{"line":77,"column":43},"end":{"line":77,"column":64}},"line":77},"17":{"name":"(anonymous_17)","decl":{"start":{"line":78,"column":28},"end":{"line":78,"column":29}},"loc":{"start":{"line":78,"column":37},"end":{"line":78,"column":120}},"line":78},"18":{"name":"(anonymous_18)","decl":{"start":{"line":82,"column":30},"end":{"line":82,"column":31}},"loc":{"start":{"line":82,"column":36},"end":{"line":82,"column":64}},"line":82},"19":{"name":"(anonymous_19)","decl":{"start":{"line":83,"column":46},"end":{"line":83,"column":47}},"loc":{"start":{"line":83,"column":60},"end":{"line":83,"column":79}},"line":83},"20":{"name":"(anonymous_20)","decl":{"start":{"line":89,"column":39},"end":{"line":89,"column":40}},"loc":{"start":{"line":89,"column":44},"end":{"line":89,"column":60}},"line":89}},"branchMap":{"0":{"loc":{"start":{"line":24,"column":50},"end":{"line":24,"column":179}},"type":"binary-expr","locations":[{"start":{"line":24,"column":50},"end":{"line":24,"column":111}},{"start":{"line":24,"column":115},"end":{"line":24,"column":179}}],"line":24},"1":{"loc":{"start":{"line":26,"column":8},"end":{"line":31,"column":9}},"type":"if","locations":[{"start":{"line":26,"column":8},"end":{"line":31,"column":9}},{"start":{"line":29,"column":13},"end":{"line":31,"column":9}}],"line":26},"2":{"loc":{"start":{"line":33,"column":4},"end":{"line":38,"column":5}},"type":"if","locations":[{"start":{"line":33,"column":4},"end":{"line":38,"column":5}},{"start":{},"end":{}}],"line":33},"3":{"loc":{"start":{"line":58,"column":45},"end":{"line":58,"column":156}},"type":"binary-expr","locations":[{"start":{"line":58,"column":45},"end":{"line":58,"column":102}},{"start":{"line":58,"column":106},"end":{"line":58,"column":156}}],"line":58},"4":{"loc":{"start":{"line":59,"column":12},"end":{"line":65,"column":13}},"type":"if","locations":[{"start":{"line":59,"column":12},"end":{"line":65,"column":13}},{"start":{"line":63,"column":17},"end":{"line":65,"column":13}}],"line":59},"5":{"loc":{"start":{"line":78,"column":37},"end":{"line":78,"column":120}},"type":"binary-expr","locations":[{"start":{"line":78,"column":37},"end":{"line":78,"column":75}},{"start":{"line":78,"column":79},"end":{"line":78,"column":120}}],"line":78},"6":{"loc":{"start":{"line":79,"column":4},"end":{"line":81,"column":5}},"type":"if","locations":[{"start":{"line":79,"column":4},"end":{"line":81,"column":5}},{"start":{},"end":{}}],"line":79},"7":{"loc":{"start":{"line":84,"column":4},"end":{"line":92,"column":5}},"type":"if","locations":[{"start":{"line":84,"column":4},"end":{"line":92,"column":5}},{"start":{"line":87,"column":9},"end":{"line":92,"column":5}}],"line":84}},"s":{"0":1,"1":1,"2":1,"3":0,"4":0,"5":0,"6":0,"7":0,"8":0,"9":0,"10":0,"11":0,"12":0,"13":0,"14":0,"15":0,"16":0,"17":0,"18":0,"19":0,"20":0,"21":0,"22":0,"23":0,"24":0,"25":1,"26":0,"27":0,"28":0,"29":0,"30":0,"31":1,"32":0,"33":0,"34":0,"35":0,"36":0,"37":0,"38":0,"39":0,"40":0,"41":0,"42":0,"43":0,"44":0,"45":0,"46":0,"47":1,"48":0,"49":0,"50":0,"51":0,"52":0,"53":0,"54":0,"55":0,"56":0,"57":0,"58":0,"59":0,"60":0,"61":0,"62":0,"63":0,"64":0,"65":0,"66":0,"67":1},"f":{"0":0,"1":0,"2":0,"3":0,"4":0,"5":0,"6":0,"7":0,"8":0,"9":0,"10":0,"11":0,"12":0,"13":0,"14":0,"15":0,"16":0,"17":0,"18":0,"19":0,"20":0},"b":{"0":[0,0],"1":[0,0],"2":[0,0],"3":[0,0],"4":[0,0],"5":[0,0],"6":[0,0],"7":[0,0]},"_coverageSchema":"1a1c01bbd47fc00a2c39e90264f33305004495a9","hash":"c96135cf3ed1aa90919191dd17945ddac876afc9"}
}
