TN:
SF:modules/public.js
FN:5,getSqlTableColumnsType
FN:8,(anonymous_1)
FN:16,parseSQLType
FN:22,(anonymous_3)
FN:28,(anonymous_4)
FN:46,(anonymous_5)
FN:50,parseSQLTypeForColumn
FN:52,(anonymous_7)
FN:58,(anonymous_8)
FN:69,getPrimaryKeyField
FN:73,(anonymous_10)
FN:84,getReferencedColumns
FN:87,(anonymous_12)
FN:87,(anonymous_13)
FN:94,getObjectWithFeildNameForPrimaryKey
FN:110,(anonymous_15)
FN:112,(anonymous_16)
FN:113,(anonymous_17)
FN:119,getForeignTableAndColumn
FN:127,(anonymous_19)
FN:129,(anonymous_20)
FN:134,(anonymous_21)
FN:151,convertFieldType
FN:155,(anonymous_23)
FN:161,(anonymous_24)
FN:167,(anonymous_25)
FN:171,(anonymous_26)
FN:176,(anonymous_27)
FN:178,(anonymous_28)
FNF:29
FNH:0
FNDA:0,getSqlTableColumnsType
FNDA:0,(anonymous_1)
FNDA:0,parseSQLType
FNDA:0,(anonymous_3)
FNDA:0,(anonymous_4)
FNDA:0,(anonymous_5)
FNDA:0,parseSQLTypeForColumn
FNDA:0,(anonymous_7)
FNDA:0,(anonymous_8)
FNDA:0,getPrimaryKeyField
FNDA:0,(anonymous_10)
FNDA:0,getReferencedColumns
FNDA:0,(anonymous_12)
FNDA:0,(anonymous_13)
FNDA:0,getObjectWithFeildNameForPrimaryKey
FNDA:0,(anonymous_15)
FNDA:0,(anonymous_16)
FNDA:0,(anonymous_17)
FNDA:0,getForeignTableAndColumn
FNDA:0,(anonymous_19)
FNDA:0,(anonymous_20)
FNDA:0,(anonymous_21)
FNDA:0,convertFieldType
FNDA:0,(anonymous_23)
FNDA:0,(anonymous_24)
FNDA:0,(anonymous_25)
FNDA:0,(anonymous_26)
FNDA:0,(anonymous_27)
FNDA:0,(anonymous_28)
DA:1,1
DA:2,1
DA:3,1
DA:6,0
DA:7,0
DA:8,0
DA:9,0
DA:12,0
DA:17,0
DA:18,0
DA:19,0
DA:20,0
DA:21,0
DA:22,0
DA:24,0
DA:25,0
DA:28,0
DA:29,0
DA:30,0
DA:33,0
DA:34,0
DA:37,0
DA:40,0
DA:43,0
DA:44,0
DA:46,0
DA:51,0
DA:52,0
DA:54,0
DA:55,0
DA:58,0
DA:59,0
DA:60,0
DA:62,0
DA:63,0
DA:70,0
DA:72,0
DA:73,0
DA:74,0
DA:75,0
DA:77,0
DA:80,0
DA:85,0
DA:86,0
DA:87,0
DA:88,0
DA:90,0
DA:95,0
DA:97,0
DA:98,0
DA:99,0
DA:100,0
DA:101,0
DA:103,0
DA:106,0
DA:110,1
DA:111,0
DA:112,0
DA:113,0
DA:115,0
DA:120,0
DA:122,0
DA:123,0
DA:125,0
DA:127,0
DA:128,0
DA:129,0
DA:130,0
DA:131,0
DA:134,0
DA:135,0
DA:136,0
DA:138,0
DA:140,0
DA:141,0
DA:144,0
DA:147,0
DA:152,0
DA:154,0
DA:155,0
DA:156,0
DA:157,0
DA:158,0
DA:161,0
DA:162,0
DA:163,0
DA:167,1
DA:168,0
DA:169,0
DA:171,1
DA:172,0
DA:173,0
DA:176,1
DA:177,0
DA:178,0
DA:179,0
DA:183,1
LF:97
LH:8
BRDA:21,0,0,0
BRDA:21,0,1,0
BRDA:43,1,0,0
BRDA:43,1,1,0
BRDA:74,2,0,0
BRDA:74,2,1,0
BRDA:98,3,0,0
BRDA:98,3,1,0
BRDA:123,4,0,0
BRDA:123,4,1,0
BRF:10
BRH:0
end_of_record
TN:
SF:modules/config/config-objects.js
FN:1,(anonymous_0)
FN:5,(anonymous_1)
FN:30,(anonymous_2)
FN:37,(anonymous_3)
FN:44,(anonymous_4)
FN:52,(anonymous_5)
FN:62,(anonymous_6)
FN:71,(anonymous_7)
FNF:8
FNH:0
FNDA:0,(anonymous_0)
FNDA:0,(anonymous_1)
FNDA:0,(anonymous_2)
FNDA:0,(anonymous_3)
FNDA:0,(anonymous_4)
FNDA:0,(anonymous_5)
FNDA:0,(anonymous_6)
FNDA:0,(anonymous_7)
DA:1,1
DA:2,0
DA:3,0
DA:4,0
DA:5,0
DA:6,0
DA:7,0
DA:8,0
DA:9,0
DA:10,0
DA:12,0
DA:13,0
DA:14,0
DA:17,0
DA:18,0
DA:21,0
DA:25,1
DA:31,0
DA:38,0
DA:46,0
DA:54,0
DA:55,0
DA:57,0
DA:63,0
DA:64,0
DA:66,0
DA:72,0
DA:73,0
DA:75,0
DA:81,1
LF:30
LH:3
BRDA:5,0,0,0
BRDA:5,0,1,0
BRDA:8,1,0,0
BRDA:8,1,1,0
BRDA:13,2,0,0
BRDA:13,2,1,0
BRDA:13,3,0,0
BRDA:13,3,1,0
BRDA:54,4,0,0
BRDA:54,4,1,0
BRDA:54,5,0,0
BRDA:54,5,1,0
BRDA:63,6,0,0
BRDA:63,6,1,0
BRDA:63,7,0,0
BRDA:63,7,1,0
BRDA:72,8,0,0
BRDA:72,8,1,0
BRDA:72,9,0,0
BRDA:72,9,1,0
BRF:20
BRH:0
end_of_record
TN:
SF:modules/config/config.js
FN:9,getTableFromConfig
FN:13,(anonymous_1)
FN:14,(anonymous_2)
FN:17,(anonymous_3)
FN:21,(anonymous_4)
FN:23,(anonymous_5)
FN:34,getCollectionsFromConfig
FN:35,(anonymous_7)
FN:36,(anonymous_8)
FN:38,(anonymous_9)
FN:45,(anonymous_10)
FN:46,(anonymous_11)
FN:46,(anonymous_12)
FN:49,(anonymous_13)
FN:52,(anonymous_14)
FN:57,(anonymous_15)
FN:57,(anonymous_16)
FN:60,(anonymous_17)
FN:65,(anonymous_18)
FN:66,(anonymous_19)
FN:66,(anonymous_20)
FN:71,(anonymous_21)
FN:75,(anonymous_22)
FN:75,(anonymous_23)
FN:83,(anonymous_24)
FN:85,(anonymous_25)
FN:85,(anonymous_26)
FN:86,(anonymous_27)
FN:86,(anonymous_28)
FN:101,(anonymous_29)
FN:102,(anonymous_30)
FN:113,getReferencedColumns
FN:117,(anonymous_32)
FN:117,(anonymous_33)
FN:120,(anonymous_34)
FN:131,setFullObj
FN:151,getTableAccordingToRef
FN:155,(anonymous_37)
FN:155,(anonymous_38)
FN:161,getObjectWithFeildNameForPrimaryKey
FN:177,getForeignTableAndColumn
FN:184,(anonymous_41)
FN:186,(anonymous_42)
FN:191,(anonymous_43)
FN:207,convertFieldType
FN:211,(anonymous_45)
FN:217,(anonymous_46)
FN:223,getTabeColumnName
FN:225,(anonymous_48)
FNF:49
FNH:22
FNDA:34,getTableFromConfig
FNDA:35,(anonymous_1)
FNDA:66,(anonymous_2)
FNDA:18,(anonymous_3)
FNDA:145,(anonymous_4)
FNDA:138,(anonymous_5)
FNDA:5,getCollectionsFromConfig
FNDA:10,(anonymous_7)
FNDA:5,(anonymous_8)
FNDA:28,(anonymous_9)
FNDA:0,(anonymous_10)
FNDA:0,(anonymous_11)
FNDA:0,(anonymous_12)
FNDA:0,(anonymous_13)
FNDA:0,(anonymous_14)
FNDA:0,(anonymous_15)
FNDA:0,(anonymous_16)
FNDA:0,(anonymous_17)
FNDA:0,(anonymous_18)
FNDA:0,(anonymous_19)
FNDA:0,(anonymous_20)
FNDA:0,(anonymous_21)
FNDA:0,(anonymous_22)
FNDA:0,(anonymous_23)
FNDA:0,(anonymous_24)
FNDA:0,(anonymous_25)
FNDA:0,(anonymous_26)
FNDA:0,(anonymous_27)
FNDA:0,(anonymous_28)
FNDA:0,(anonymous_29)
FNDA:0,(anonymous_30)
FNDA:6,getReferencedColumns
FNDA:18,(anonymous_32)
FNDA:4,(anonymous_33)
FNDA:0,(anonymous_34)
FNDA:0,setFullObj
FNDA:9,getTableAccordingToRef
FNDA:23,(anonymous_37)
FNDA:5,(anonymous_38)
FNDA:0,getObjectWithFeildNameForPrimaryKey
FNDA:5,getForeignTableAndColumn
FNDA:11,(anonymous_41)
FNDA:33,(anonymous_42)
FNDA:52,(anonymous_43)
FNDA:0,convertFieldType
FNDA:0,(anonymous_45)
FNDA:0,(anonymous_46)
FNDA:5,getTabeColumnName
FNDA:10,(anonymous_48)
DA:1,2
DA:2,2
DA:3,2
DA:4,2
DA:6,2
DA:10,34
DA:12,34
DA:13,35
DA:14,66
DA:17,18
DA:18,1
DA:19,1
DA:21,145
DA:22,33
DA:23,138
DA:24,6
DA:25,6
DA:27,27
DA:30,7
DA:35,10
DA:36,5
DA:37,5
DA:38,28
DA:39,1
DA:40,1
DA:42,4
DA:45,2
DA:46,0
DA:48,0
DA:49,0
DA:52,0
DA:53,0
DA:54,0
DA:56,0
DA:57,0
DA:60,0
DA:61,0
DA:62,0
DA:64,0
DA:65,0
DA:66,0
DA:69,0
DA:70,0
DA:71,0
DA:72,0
DA:73,0
DA:75,0
DA:76,0
DA:78,0
DA:79,0
DA:80,0
DA:81,0
DA:83,0
DA:84,0
DA:85,0
DA:86,0
DA:87,0
DA:88,0
DA:91,0
DA:95,0
DA:97,0
DA:99,0
DA:100,0
DA:101,0
DA:102,0
DA:103,0
DA:106,0
DA:108,0
DA:115,6
DA:116,6
DA:117,18
DA:119,5
DA:120,0
DA:121,0
DA:122,0
DA:124,5
DA:126,1
DA:152,9
DA:155,23
DA:157,6
DA:162,0
DA:164,0
DA:165,0
DA:166,0
DA:167,0
DA:168,0
DA:170,0
DA:173,0
DA:179,5
DA:180,5
DA:181,5
DA:183,5
DA:184,11
DA:185,5
DA:186,33
DA:187,5
DA:188,3
DA:191,52
DA:192,2
DA:193,2
DA:195,3
DA:196,3
DA:197,3
DA:200,0
DA:203,2
DA:208,0
DA:210,0
DA:211,0
DA:212,0
DA:213,0
DA:214,0
DA:217,0
DA:218,0
DA:219,0
DA:224,5
DA:225,10
DA:226,4
DA:229,2
LF:118
LH:56
BRDA:9,0,0,0
BRDA:22,1,0,6
BRDA:22,1,1,27
BRDA:34,2,0,0
BRDA:37,3,0,1
BRDA:37,3,1,4
BRDA:45,4,0,0
BRDA:65,5,0,0
BRDA:70,6,0,0
BRDA:70,6,1,0
BRDA:78,7,0,0
BRDA:78,7,1,0
BRDA:87,8,0,0
BRDA:87,8,1,0
BRDA:113,9,0,0
BRDA:119,10,0,0
BRDA:119,10,1,5
BRDA:131,11,0,0
BRDA:151,12,0,1
BRDA:161,13,0,0
BRDA:165,14,0,0
BRDA:165,14,1,0
BRDA:177,15,0,0
BRDA:181,16,0,5
BRDA:181,16,1,0
BRDA:207,17,0,0
BRDA:223,18,0,0
BRF:27
BRH:7
end_of_record
TN:
SF:modules/config/createConfig.js
FN:6,getTableName
FN:7,(anonymous_1)
FN:7,(anonymous_2)
FN:13,(anonymous_3)
FN:30,getColumns
FN:34,(anonymous_5)
FN:35,(anonymous_6)
FN:38,(anonymous_7)
FN:47,(anonymous_8)
FN:62,getProcedures
FN:63,(anonymous_10)
FN:63,(anonymous_11)
FN:69,(anonymous_12)
FN:81,getvalues
FN:82,(anonymous_14)
FN:82,(anonymous_15)
FNF:16
FNH:5
FNDA:0,getTableName
FNDA:0,(anonymous_1)
FNDA:0,(anonymous_2)
FNDA:0,(anonymous_3)
FNDA:6,getColumns
FNDA:7,(anonymous_5)
FNDA:10,(anonymous_6)
FNDA:18,(anonymous_7)
FNDA:23,(anonymous_8)
FNDA:0,getProcedures
FNDA:0,(anonymous_10)
FNDA:0,(anonymous_11)
FNDA:0,(anonymous_12)
FNDA:0,getvalues
FNDA:0,(anonymous_14)
FNDA:0,(anonymous_15)
DA:1,1
DA:2,1
DA:7,0
DA:8,0
DA:9,0
DA:10,0
DA:13,0
DA:14,0
DA:15,0
DA:16,0
DA:17,0
DA:18,0
DA:19,0
DA:20,0
DA:21,0
DA:24,0
DA:25,0
DA:27,0
DA:31,6
DA:33,6
DA:34,7
DA:35,10
DA:38,18
DA:39,1
DA:40,1
DA:42,5
DA:43,9
DA:44,4
DA:47,23
DA:48,1
DA:49,1
DA:52,2
DA:63,0
DA:64,0
DA:65,0
DA:66,0
DA:69,0
DA:70,0
DA:71,0
DA:72,0
DA:73,0
DA:75,0
DA:76,0
DA:78,0
DA:82,0
DA:83,0
DA:84,0
DA:85,0
DA:91,1
LF:49
LH:17
BRDA:6,0,0,0
BRDA:30,1,0,0
BRDA:43,2,0,4
BRDA:43,2,1,5
BRDA:62,3,0,0
BRDA:81,4,0,0
BRDA:84,5,0,0
BRDA:84,5,1,0
BRF:8
BRH:2
end_of_record
TN:
SF:utils/convert_condition.js
FN:18,(anonymous_0)
FN:21,(anonymous_1)
FN:75,(anonymous_2)
FN:86,(anonymous_3)
FN:95,(anonymous_4)
FN:117,(anonymous_5)
FN:122,(anonymous_6)
FN:131,(anonymous_7)
FN:135,(anonymous_8)
FN:144,(anonymous_9)
FN:190,(anonymous_10)
FN:215,(anonymous_11)
FN:216,(anonymous_12)
FN:221,(anonymous_13)
FNF:14
FNH:5
FNDA:0,(anonymous_0)
FNDA:0,(anonymous_1)
FNDA:0,(anonymous_2)
FNDA:0,(anonymous_3)
FNDA:0,(anonymous_4)
FNDA:0,(anonymous_5)
FNDA:0,(anonymous_6)
FNDA:0,(anonymous_7)
FNDA:0,(anonymous_8)
FNDA:4,(anonymous_9)
FNDA:3,(anonymous_10)
FNDA:2,(anonymous_11)
FNDA:6,(anonymous_12)
FNDA:2,(anonymous_13)
DA:1,1
DA:2,1
DA:3,1
DA:4,1
DA:5,1
DA:18,1
DA:19,0
DA:20,0
DA:21,0
DA:22,0
DA:23,0
DA:24,0
DA:25,0
DA:27,0
DA:28,0
DA:30,0
DA:31,0
DA:33,0
DA:34,0
DA:36,0
DA:37,0
DA:39,0
DA:40,0
DA:42,0
DA:43,0
DA:45,0
DA:46,0
DA:48,0
DA:49,0
DA:51,0
DA:52,0
DA:54,0
DA:55,0
DA:57,0
DA:58,0
DA:60,0
DA:61,0
DA:62,0
DA:63,0
DA:64,0
DA:67,0
DA:70,0
DA:75,0
DA:76,0
DA:77,0
DA:78,0
DA:79,0
DA:82,0
DA:84,0
DA:86,0
DA:87,0
DA:88,0
DA:89,0
DA:90,0
DA:91,0
DA:92,0
DA:95,0
DA:96,0
DA:97,0
DA:98,0
DA:99,0
DA:100,0
DA:101,0
DA:103,0
DA:104,0
DA:106,0
DA:107,0
DA:109,0
DA:110,0
DA:112,0
DA:114,0
DA:115,0
DA:117,0
DA:118,0
DA:119,0
DA:120,0
DA:121,0
DA:122,0
DA:123,0
DA:124,0
DA:126,0
DA:127,0
DA:128,0
DA:131,1
DA:132,0
DA:133,0
DA:134,0
DA:135,0
DA:138,0
DA:141,0
DA:144,1
DA:145,4
DA:146,4
DA:147,36
DA:148,0
DA:149,36
DA:151,4
DA:190,1
DA:191,3
DA:192,3
DA:193,6
DA:194,6
DA:195,6
DA:197,1
DA:198,1
DA:199,1
DA:200,1
DA:202,1
DA:204,4
DA:205,4
DA:206,4
DA:207,4
DA:211,1
DA:215,1
DA:216,6
DA:217,2
DA:218,2
DA:219,2
DA:220,2
DA:221,1
DA:222,2
DA:223,2
DA:224,2
DA:225,2
DA:228,2
DA:229,2
DA:237,1
LF:127
LH:43
BRDA:21,0,0,0
BRDA:25,1,0,0
BRDA:25,1,1,0
BRDA:25,1,2,0
BRDA:25,1,3,0
BRDA:25,1,4,0
BRDA:25,1,5,0
BRDA:25,1,6,0
BRDA:25,1,7,0
BRDA:25,1,8,0
BRDA:25,1,9,0
BRDA:25,1,10,0
BRDA:25,1,11,0
BRDA:75,2,0,0
BRDA:78,3,0,0
BRDA:78,3,1,0
BRDA:101,4,0,0
BRDA:101,4,1,0
BRDA:101,4,2,0
BRDA:101,4,3,0
BRDA:134,5,0,0
BRDA:134,5,1,0
BRDA:147,6,0,0
BRDA:147,6,1,36
BRDA:147,7,0,36
BRDA:147,7,1,36
BRDA:195,8,0,1
BRDA:195,8,1,1
BRDA:195,8,2,4
BRDA:220,9,0,1
BRDA:220,9,1,1
BRF:31
BRH:8
end_of_record
TN:
SF:utils/parse_name.js
FN:5,parseTableName
FN:6,(anonymous_1)
FN:19,parseColumnName
FN:24,(anonymous_3)
FN:35,(anonymous_4)
FN:42,(anonymous_5)
FN:43,(anonymous_6)
FN:53,(anonymous_7)
FN:54,(anonymous_8)
FN:56,(anonymous_9)
FN:57,(anonymous_10)
FN:58,(anonymous_11)
FN:60,(anonymous_12)
FN:64,(anonymous_13)
FN:74,(anonymous_14)
FN:76,(anonymous_15)
FN:77,(anonymous_16)
FN:78,(anonymous_17)
FN:82,(anonymous_18)
FN:83,(anonymous_19)
FN:89,(anonymous_20)
FNF:21
FNH:0
FNDA:0,parseTableName
FNDA:0,(anonymous_1)
FNDA:0,parseColumnName
FNDA:0,(anonymous_3)
FNDA:0,(anonymous_4)
FNDA:0,(anonymous_5)
FNDA:0,(anonymous_6)
FNDA:0,(anonymous_7)
FNDA:0,(anonymous_8)
FNDA:0,(anonymous_9)
FNDA:0,(anonymous_10)
FNDA:0,(anonymous_11)
FNDA:0,(anonymous_12)
FNDA:0,(anonymous_13)
FNDA:0,(anonymous_14)
FNDA:0,(anonymous_15)
FNDA:0,(anonymous_16)
FNDA:0,(anonymous_17)
FNDA:0,(anonymous_18)
FNDA:0,(anonymous_19)
FNDA:0,(anonymous_20)
DA:1,1
DA:2,1
DA:3,1
DA:6,0
DA:7,0
DA:8,0
DA:9,0
DA:12,0
DA:13,0
DA:20,0
DA:21,0
DA:22,0
DA:23,0
DA:24,0
DA:26,0
DA:27,0
DA:30,0
DA:33,0
DA:34,0
DA:35,0
DA:36,0
DA:37,0
DA:39,0
DA:42,1
DA:43,0
DA:44,0
DA:45,0
DA:46,0
DA:49,0
DA:53,1
DA:54,0
DA:55,0
DA:56,0
DA:57,0
DA:58,0
DA:59,0
DA:60,0
DA:61,0
DA:64,0
DA:68,0
DA:74,1
DA:76,0
DA:77,0
DA:78,0
DA:79,0
DA:80,0
DA:82,0
DA:83,0
DA:84,0
DA:85,0
DA:88,0
DA:89,0
DA:90,0
DA:91,0
DA:95,1
LF:55
LH:7
BRDA:24,0,0,0
BRDA:24,0,1,0
BRDA:26,1,0,0
BRDA:26,1,1,0
BRDA:33,2,0,0
BRDA:33,2,1,0
BRDA:58,3,0,0
BRDA:58,3,1,0
BRDA:59,4,0,0
BRDA:59,4,1,0
BRDA:78,5,0,0
BRDA:78,5,1,0
BRDA:79,6,0,0
BRDA:79,6,1,0
BRDA:84,7,0,0
BRDA:84,7,1,0
BRF:16
BRH:0
end_of_record
